	.text
	.syntax unified
	.eabi_attribute	67, "2.09"	@ Tag_conformance
	.cpu	cortex-m7
	.eabi_attribute	6, 13	@ Tag_CPU_arch
	.eabi_attribute	7, 77	@ Tag_CPU_arch_profile
	.eabi_attribute	8, 0	@ Tag_ARM_ISA_use
	.eabi_attribute	9, 2	@ Tag_THUMB_ISA_use
	.fpu	fpv5-sp-d16
	.eabi_attribute	27, 1	@ Tag_ABI_HardFP_use
	.eabi_attribute	36, 1	@ Tag_FP_HP_extension
	.eabi_attribute	34, 1	@ Tag_CPU_unaligned_access
	.eabi_attribute	17, 1	@ Tag_ABI_PCS_GOT_use
	.eabi_attribute	20, 2	@ Tag_ABI_FP_denormal
	.eabi_attribute	21, 0	@ Tag_ABI_FP_exceptions
	.eabi_attribute	23, 1	@ Tag_ABI_FP_number_model
	.eabi_attribute	24, 1	@ Tag_ABI_align_needed
	.eabi_attribute	25, 1	@ Tag_ABI_align_preserved
	.eabi_attribute	28, 1	@ Tag_ABI_VFP_args
	.eabi_attribute	38, 1	@ Tag_ABI_FP_16bit_format
	.eabi_attribute	18, 2	@ Tag_ABI_PCS_wchar_t
	.eabi_attribute	26, 1	@ Tag_ABI_enum_size
	.eabi_attribute	14, 0	@ Tag_ABI_PCS_R9_use
	.file	"common.c"
	.file	1 "C:\\Keil\\ARM\\ARMCLANG\\Bin\\..\\include" "stdint.h"
	.file	2 "../Src" "common.c"
	.section	.text.Delay,"ax",%progbits
	.hidden	Delay                   @ -- Begin function Delay
	.globl	Delay
	.p2align	1
	.type	Delay,%function
	.code	16                      @ @Delay
	.thumb_func
Delay:
.Lfunc_begin0:
	.loc	2 29 0                  @ ../Src/common.c:29:0
	.fnstart
	.cfi_sections .debug_frame
	.cfi_startproc
@ %bb.0:
	.pad	#8
	sub	sp, #8
	.cfi_def_cfa_offset 8
	@DEBUG_VALUE: Delay:nCount <- $r0
	@DEBUG_VALUE: Delay:nCount <- $r0
	str	r0, [sp, #4]
	movs	r0, #0
.Ltmp0:
	@DEBUG_VALUE: Delay:index <- 0
	.loc	2 30 16 prologue_end    @ ../Src/common.c:30:16
	str	r0, [sp]
.Ltmp1:
	.loc	2 32 14                 @ ../Src/common.c:32:14
	ldr	r0, [sp, #4]
	b	.LBB0_2
.LBB0_1:                                @   in Loop: Header=BB0_2 Depth=1
.Ltmp2:
	@DEBUG_VALUE: Delay:index <- $r0
	.loc	2 32 39 is_stmt 0       @ ../Src/common.c:32:39
	ldr	r0, [sp]
.Ltmp3:
	@DEBUG_VALUE: Delay:index <- $r0
	subs	r0, #1
.Ltmp4:
.LBB0_2:                                @ =>This Inner Loop Header: Depth=1
	@DEBUG_VALUE: Delay:index <- $r0
	@DEBUG_VALUE: Delay:nCount <- $r0
	.loc	2 0 39                  @ ../Src/common.c:0:39
	str	r0, [sp]
	.loc	2 32 22                 @ ../Src/common.c:32:22
	ldr	r0, [sp]
.Ltmp5:
	@DEBUG_VALUE: Delay:index <- $r0
	.loc	2 32 2                  @ ../Src/common.c:32:2
	cmp	r0, #0
	bne	.LBB0_1
.Ltmp6:
@ %bb.3:
	@DEBUG_VALUE: Delay:index <- $r0
	.loc	2 35 1 is_stmt 1        @ ../Src/common.c:35:1
	add	sp, #8
	bx	lr
.Ltmp7:
.Lfunc_end0:
	.size	Delay, .Lfunc_end0-Delay
	.cfi_endproc
	.cantunwind
	.fnend
                                        @ -- End function
	.section	.text.GetLenght,"ax",%progbits
	.hidden	GetLenght               @ -- Begin function GetLenght
	.globl	GetLenght
	.p2align	2
	.type	GetLenght,%function
	.code	16                      @ @GetLenght
	.thumb_func
GetLenght:
.Lfunc_begin1:
	.loc	2 39 0                  @ ../Src/common.c:39:0
	.fnstart
	.cfi_startproc
@ %bb.0:
	@DEBUG_VALUE: GetLenght:p <- $r0
	ldr	r2, __arm_cp.1_0
	movs	r1, #0
	b	.LBB1_2
.Ltmp8:
.LBB1_1:                                @   in Loop: Header=BB1_2 Depth=1
	@DEBUG_VALUE: GetLenght:p <- $r0
	.loc	2 40 27 prologue_end    @ ../Src/common.c:40:27
	adds	r1, #1
	.loc	2 40 19 is_stmt 0       @ ../Src/common.c:40:19
	adds	r0, #1
.Ltmp9:
	@DEBUG_VALUE: GetLenght:p <- $r0
.LBB1_2:                                @ =>This Inner Loop Header: Depth=1
	@DEBUG_VALUE: GetLenght:p <- $r0
	.loc	2 0 19                  @ ../Src/common.c:0:19
	strh	r1, [r2, #2]
	@DEBUG_VALUE: GetLenght:p <- $r0
	.loc	2 40 17                 @ ../Src/common.c:40:17
	ldrb	r3, [r0]
.Ltmp10:
	.loc	2 40 2                  @ ../Src/common.c:40:2
	cmp	r3, #0
	bne	.LBB1_1
.Ltmp11:
@ %bb.3:
	@DEBUG_VALUE: GetLenght:p <- $r0
	.loc	2 41 9 is_stmt 1        @ ../Src/common.c:41:9
	uxth	r0, r1
.Ltmp12:
	.loc	2 41 2 is_stmt 0        @ ../Src/common.c:41:2
	bx	lr
.Ltmp13:
	.p2align	2
@ %bb.4:
	.loc	2 0 2                   @ ../Src/common.c:0:2
__arm_cp.1_0:
	.long	.L_MergedGlobals
.Lcpi_end0:
	.size	__arm_cp.1_0, .Lcpi_end0-__arm_cp.1_0
.Lfunc_end1:
	.size	GetLenght, .Lfunc_end1-GetLenght
	.cfi_endproc
	.cantunwind
	.fnend
                                        @ -- End function
	.section	.text.Bcd2Dec,"ax",%progbits
	.hidden	Bcd2Dec                 @ -- Begin function Bcd2Dec
	.globl	Bcd2Dec
	.p2align	1
	.type	Bcd2Dec,%function
	.code	16                      @ @Bcd2Dec
	.thumb_func
Bcd2Dec:
.Lfunc_begin2:
	.loc	2 46 0 is_stmt 1        @ ../Src/common.c:46:0
	.fnstart
	.cfi_startproc
@ %bb.0:
	@DEBUG_VALUE: Bcd2Dec:bcd <- $r0
	@DEBUG_VALUE: Bcd2Dec:bcd <- $r0
	.loc	2 47 34 prologue_end    @ ../Src/common.c:47:34
	and	r1, r0, #15
	.loc	2 47 15 is_stmt 0       @ ../Src/common.c:47:15
	lsrs	r0, r0, #4
.Ltmp14:
	.loc	2 47 21                 @ ../Src/common.c:47:21
	add.w	r0, r0, r0, lsl #2
	.loc	2 47 27                 @ ../Src/common.c:47:27
	add.w	r0, r1, r0, lsl #1
	.loc	2 47 2                  @ ../Src/common.c:47:2
	uxtb	r0, r0
	bx	lr
.Ltmp15:
.Lfunc_end2:
	.size	Bcd2Dec, .Lfunc_end2-Bcd2Dec
	.cfi_endproc
	.cantunwind
	.fnend
                                        @ -- End function
	.section	.text.Dec2Bcd,"ax",%progbits
	.hidden	Dec2Bcd                 @ -- Begin function Dec2Bcd
	.globl	Dec2Bcd
	.p2align	2
	.type	Dec2Bcd,%function
	.code	16                      @ @Dec2Bcd
	.thumb_func
Dec2Bcd:
.Lfunc_begin3:
	.loc	2 52 0 is_stmt 1        @ ../Src/common.c:52:0
	.fnstart
	.cfi_startproc
@ %bb.0:
	@DEBUG_VALUE: Dec2Bcd:dec <- $r0
	@DEBUG_VALUE: Dec2Bcd:dec <- $r0
	.loc	2 55 2 prologue_end     @ ../Src/common.c:55:2
	mvns	r1, r0
	uxtb	r2, r1
	cmp	r2, #246
	mov.w	r2, #10
	it	ls
	mvnls	r1, #9
	add	r1, r0
	adds	r1, #10
	uxtb	r1, r1
	udiv	r1, r1, r2
	add.w	r2, r1, r1, lsl #2
	sub.w	r0, r0, r2, lsl #1
.Ltmp16:
	.loc	2 62 7                  @ ../Src/common.c:62:7
	add.w	r0, r0, r1, lsl #4
	ldr	r1, __arm_cp.3_0
	strb	r0, [r1]
	.loc	2 63 2                  @ ../Src/common.c:63:2
	uxtb	r0, r0
	bx	lr
.Ltmp17:
	.p2align	2
@ %bb.1:
	.loc	2 0 2 is_stmt 0         @ ../Src/common.c:0:2
__arm_cp.3_0:
	.long	.L_MergedGlobals
.Lcpi_end1:
	.size	__arm_cp.3_0, .Lcpi_end1-__arm_cp.3_0
.Lfunc_end3:
	.size	Dec2Bcd, .Lfunc_end3-Dec2Bcd
	.cfi_endproc
	.cantunwind
	.fnend
                                        @ -- End function
	.section	.text.CalcCRC,"ax",%progbits
	.hidden	CalcCRC                 @ -- Begin function CalcCRC
	.globl	CalcCRC
	.p2align	2
	.type	CalcCRC,%function
	.code	16                      @ @CalcCRC
	.thumb_func
CalcCRC:
.Lfunc_begin4:
	.loc	2 68 0 is_stmt 1        @ ../Src/common.c:68:0
	.fnstart
	.cfi_startproc
@ %bb.0:
	@DEBUG_VALUE: CalcCRC:buff <- $r0
	@DEBUG_VALUE: CalcCRC:buff <- $r0
	@DEBUG_VALUE: CalcCRC:size <- $r1
	@DEBUG_VALUE: CalcCRC:size <- $r1
	.loc	2 69 7 prologue_end     @ ../Src/common.c:69:7
	ldr.w	r12, __arm_cp.4_0
	movs	r3, #0
	strh.w	r3, [r12, #2]
	b	.LBB4_2
.Ltmp18:
.LBB4_1:                                @   in Loop: Header=BB4_2 Depth=1
	@DEBUG_VALUE: CalcCRC:size <- $r1
	@DEBUG_VALUE: CalcCRC:buff <- $r0
	@DEBUG_VALUE: CalcCRC:buff <- $r0
	.loc	2 73 11                 @ ../Src/common.c:73:11
	ldrb	r2, [r0], #1
.Ltmp19:
	.loc	2 74 7                  @ ../Src/common.c:74:7
	subs	r1, #1
.Ltmp20:
	.loc	2 73 8                  @ ../Src/common.c:73:8
	add	r3, r2
	strh.w	r3, [r12, #2]
.Ltmp21:
.LBB4_2:                                @ =>This Inner Loop Header: Depth=1
	@DEBUG_VALUE: CalcCRC:size <- $r1
	@DEBUG_VALUE: CalcCRC:buff <- $r0
	.loc	2 71 2                  @ ../Src/common.c:71:2
	lsls	r2, r1, #24
	bne	.LBB4_1
.Ltmp22:
@ %bb.3:
	@DEBUG_VALUE: CalcCRC:size <- $r1
	@DEBUG_VALUE: CalcCRC:buff <- $r0
	.loc	2 77 9                  @ ../Src/common.c:77:9
	rsbs	r0, r3, #0
.Ltmp23:
	.loc	2 77 7 is_stmt 0        @ ../Src/common.c:77:7
	strb.w	r0, [r12]
	.loc	2 78 2 is_stmt 1        @ ../Src/common.c:78:2
	uxtb	r0, r0
	bx	lr
.Ltmp24:
	.p2align	2
@ %bb.4:
	.loc	2 0 2 is_stmt 0         @ ../Src/common.c:0:2
__arm_cp.4_0:
	.long	.L_MergedGlobals
.Lcpi_end2:
	.size	__arm_cp.4_0, .Lcpi_end2-__arm_cp.4_0
.Lfunc_end4:
	.size	CalcCRC, .Lfunc_end4-CalcCRC
	.cfi_endproc
	.cantunwind
	.fnend
                                        @ -- End function
	.section	.text.Int2Str,"ax",%progbits
	.hidden	Int2Str                 @ -- Begin function Int2Str
	.globl	Int2Str
	.p2align	2
	.type	Int2Str,%function
	.code	16                      @ @Int2Str
	.thumb_func
Int2Str:
.Lfunc_begin5:
	.loc	2 82 0 is_stmt 1        @ ../Src/common.c:82:0
	.fnstart
	.cfi_startproc
@ %bb.0:
	.save	{r4, r5, r6, lr}
	push	{r4, r5, r6, lr}
	.cfi_def_cfa_offset 16
	.cfi_offset lr, -4
	.cfi_offset r6, -8
	.cfi_offset r5, -12
	.cfi_offset r4, -16
	@DEBUG_VALUE: Int2Str:p_str <- $r0
	@DEBUG_VALUE: Int2Str:p_str <- $r0
	@DEBUG_VALUE: Int2Str:intnum <- $r1
	@DEBUG_VALUE: Int2Str:intnum <- $r1
	ldr	r4, __arm_cp.5_0
.Ltmp25:
	@DEBUG_VALUE: Int2Str:i <- 0
	@DEBUG_VALUE: Int2Str:status <- 0
	@DEBUG_VALUE: Int2Str:pos <- 0
	@DEBUG_VALUE: Int2Str:divider <- 1000000000
	movs	r3, #0
	mov.w	r12, #10
	mov.w	lr, #10
	movs	r2, #0
.Ltmp26:
.LBB5_1:                                @ =>This Inner Loop Header: Depth=1
	@DEBUG_VALUE: Int2Str:intnum <- $r1
	@DEBUG_VALUE: Int2Str:p_str <- $r0
	.loc	2 85 2 prologue_end     @ ../Src/common.c:85:2
	cmp.w	lr, #0
.Ltmp27:
	.loc	2 101 1                 @ ../Src/common.c:101:1
	it	eq
	popeq	{r4, r5, r6, pc}
	@DEBUG_VALUE: Int2Str:intnum <- $r1
.Ltmp28:
	.loc	2 87 26                 @ ../Src/common.c:87:26
	udiv	r5, r1, r4
.Ltmp29:
	.loc	2 85 2                  @ ../Src/common.c:85:2
	sub.w	lr, lr, #1
.Ltmp30:
	.loc	2 87 18                 @ ../Src/common.c:87:18
	add.w	r6, r5, #48
	mls	r1, r5, r4, r1
.Ltmp31:
	@DEBUG_VALUE: Int2Str:status <- $r2
	@DEBUG_VALUE: Int2Str:pos <- $r3
	@DEBUG_VALUE: Int2Str:divider <- $r4
	@DEBUG_VALUE: Int2Str:intnum <- $r1
	uxtb	r5, r5
	.loc	2 90 11                 @ ../Src/common.c:90:11
	udiv	r4, r4, r12
.Ltmp32:
	@DEBUG_VALUE: Int2Str:divider <- $r4
	.loc	2 87 16                 @ ../Src/common.c:87:16
	strb	r6, [r0, r3]
	.loc	2 87 12 is_stmt 0       @ ../Src/common.c:87:12
	adds	r6, r3, #1
.Ltmp33:
	@DEBUG_VALUE: Int2Str:pos <- $r6
	.loc	2 92 7 is_stmt 1        @ ../Src/common.c:92:7
	cmp	r5, #0
	mov	r3, r5
	it	ne
	movne	r3, r6
	cmp	r2, #0
	it	ne
	movne	r3, r6
.Ltmp34:
	@DEBUG_VALUE: Int2Str:pos <- $r3
	.loc	2 92 39 is_stmt 0       @ ../Src/common.c:92:39
	orrs	r5, r2
.Ltmp35:
	.loc	2 92 7                  @ ../Src/common.c:92:7
	it	ne
	movne	r5, #1
	add	r2, r5
.Ltmp36:
	@DEBUG_VALUE: Int2Str:status <- $r2
	.loc	2 0 7                   @ ../Src/common.c:0:7
	b	.LBB5_1
.Ltmp37:
	.p2align	2
@ %bb.2:
__arm_cp.5_0:
	.long	1000000000              @ 0x3b9aca00
.Lcpi_end3:
	.size	__arm_cp.5_0, .Lcpi_end3-__arm_cp.5_0
.Lfunc_end5:
	.size	Int2Str, .Lfunc_end5-Int2Str
	.cfi_endproc
	.cantunwind
	.fnend
                                        @ -- End function
	.section	.text.Int2StrSized,"ax",%progbits
	.hidden	Int2StrSized            @ -- Begin function Int2StrSized
	.globl	Int2StrSized
	.p2align	2
	.type	Int2StrSized,%function
	.code	16                      @ @Int2StrSized
	.thumb_func
Int2StrSized:
.Lfunc_begin6:
	.loc	2 105 0 is_stmt 1       @ ../Src/common.c:105:0
	.fnstart
	.cfi_startproc
@ %bb.0:
	.save	{r4, r5, r6, lr}
	.pad	#16
	push	{r0, r1, r2, r3, r4, r5, r6, lr}
	.cfi_def_cfa_offset 32
	.cfi_offset lr, -4
	.cfi_offset r6, -8
	.cfi_offset r5, -12
	.cfi_offset r4, -16
	@DEBUG_VALUE: Int2StrSized:p_str <- $r0
	@DEBUG_VALUE: Int2StrSized:p_str <- $r0
	@DEBUG_VALUE: Int2StrSized:intnum <- $r1
	@DEBUG_VALUE: Int2StrSized:intnum <- $r1
	@DEBUG_VALUE: Int2StrSized:size <- $r2
	@DEBUG_VALUE: Int2StrSized:size <- $r2
.Ltmp38:
	@DEBUG_VALUE: Int2StrSized:divider <- 1000000000
	@DEBUG_VALUE: Int2StrSized:pos <- 0
	@DEBUG_VALUE: ClearBuffer:size <- 16
	.loc	2 164 7 prologue_end    @ ../Src/common.c:164:7
	ldr.w	lr, __arm_cp.6_0
	movs	r4, #0
	mov	r12, sp
	.loc	2 165 8                 @ ../Src/common.c:165:8
	movs	r3, #0
	.loc	2 164 7                 @ ../Src/common.c:164:7
	strh.w	r4, [lr, #2]
	b	.LBB6_2
.Ltmp39:
.LBB6_1:                                @   in Loop: Header=BB6_2 Depth=1
	@DEBUG_VALUE: Int2StrSized:size <- $r2
	@DEBUG_VALUE: Int2StrSized:intnum <- $r1
	@DEBUG_VALUE: Int2StrSized:p_str <- $r0
	.loc	2 165 36                @ ../Src/common.c:165:36
	strb.w	r4, [r12, r3]
	.loc	2 165 32 is_stmt 0      @ ../Src/common.c:165:32
	adds	r3, #1
	strh.w	r3, [lr, #2]
.Ltmp40:
.LBB6_2:                                @ =>This Inner Loop Header: Depth=1
	@DEBUG_VALUE: Int2StrSized:size <- $r2
	@DEBUG_VALUE: Int2StrSized:intnum <- $r1
	@DEBUG_VALUE: Int2StrSized:p_str <- $r0
	.loc	2 165 2                 @ ../Src/common.c:165:2
	cmp	r3, #16
	bne	.LBB6_1
.Ltmp41:
@ %bb.3:
	@DEBUG_VALUE: Int2StrSized:size <- $r2
	@DEBUG_VALUE: Int2StrSized:intnum <- $r1
	@DEBUG_VALUE: Int2StrSized:p_str <- $r0
	.loc	2 0 2                   @ ../Src/common.c:0:2
	ldr	r4, __arm_cp.6_1
	movs	r3, #0
	mov.w	lr, #10
	b	.LBB6_5
.Ltmp42:
.LBB6_4:                                @   in Loop: Header=BB6_5 Depth=1
	@DEBUG_VALUE: Int2StrSized:pos <- $r3
	@DEBUG_VALUE: Int2StrSized:size <- $r2
	@DEBUG_VALUE: Int2StrSized:intnum <- $r1
	@DEBUG_VALUE: Int2StrSized:p_str <- $r0
	@DEBUG_VALUE: Int2StrSized:intnum <- $r1
	.loc	2 113 27 is_stmt 1      @ ../Src/common.c:113:27
	udiv	r5, r1, r4
.Ltmp43:
	@DEBUG_VALUE: Int2StrSized:divider <- $r4
	.loc	2 113 19 is_stmt 0      @ ../Src/common.c:113:19
	add.w	r6, r5, #48
	mls	r1, r5, r4, r1
.Ltmp44:
	@DEBUG_VALUE: Int2StrSized:intnum <- $r1
	.loc	2 115 11 is_stmt 1      @ ../Src/common.c:115:11
	udiv	r4, r4, lr
.Ltmp45:
	@DEBUG_VALUE: Int2StrSized:divider <- $r4
	.loc	2 113 17                @ ../Src/common.c:113:17
	strb.w	r6, [r12, r3]
.Ltmp46:
	.loc	2 111 23                @ ../Src/common.c:111:23
	adds	r3, #1
.Ltmp47:
	@DEBUG_VALUE: Int2StrSized:i <- $r3
	@DEBUG_VALUE: Int2StrSized:pos <- $r3
.LBB6_5:                                @ =>This Inner Loop Header: Depth=1
	@DEBUG_VALUE: Int2StrSized:size <- $r2
	@DEBUG_VALUE: Int2StrSized:intnum <- $r1
	@DEBUG_VALUE: Int2StrSized:p_str <- $r0
	@DEBUG_VALUE: Int2StrSized:pos <- $r3
	.loc	2 111 2 is_stmt 0       @ ../Src/common.c:111:2
	cmp	r3, #10
	bne	.LBB6_4
.Ltmp48:
@ %bb.6:
	@DEBUG_VALUE: Int2StrSized:pos <- $r3
	@DEBUG_VALUE: Int2StrSized:size <- $r2
	@DEBUG_VALUE: Int2StrSized:intnum <- $r1
	@DEBUG_VALUE: Int2StrSized:p_str <- $r0
	.loc	2 0 2                   @ ../Src/common.c:0:2
	movs	r1, #9
.Ltmp49:
	b	.LBB6_8
.Ltmp50:
.LBB6_7:                                @   in Loop: Header=BB6_8 Depth=1
	@DEBUG_VALUE: Int2StrSized:size <- $r2
	@DEBUG_VALUE: Int2StrSized:p_str <- $r0
	.loc	2 122 21 is_stmt 1      @ ../Src/common.c:122:21
	ldrb.w	r3, [r12, r1]
	.loc	2 122 3 is_stmt 0       @ ../Src/common.c:122:3
	uxtab	r6, r0, r2
.Ltmp51:
	.loc	2 120 2 is_stmt 1       @ ../Src/common.c:120:2
	subs	r1, #1
.Ltmp52:
	.loc	2 123 7                 @ ../Src/common.c:123:7
	subs	r2, #1
.Ltmp53:
	.loc	2 122 19                @ ../Src/common.c:122:19
	strb	r3, [r6, #-1]
.Ltmp54:
.LBB6_8:                                @ =>This Inner Loop Header: Depth=1
	@DEBUG_VALUE: Int2StrSized:pos <- $r3
	@DEBUG_VALUE: Int2StrSized:size <- $r2
	@DEBUG_VALUE: Int2StrSized:p_str <- $r0
	.loc	2 120 2                 @ ../Src/common.c:120:2
	lsls	r3, r2, #24
.Ltmp55:
	it	ne
	cmpne	r1, #0
	bne	.LBB6_7
.Ltmp56:
@ %bb.9:
	@DEBUG_VALUE: Int2StrSized:size <- $r2
	@DEBUG_VALUE: Int2StrSized:p_str <- $r0
	.loc	2 126 1                 @ ../Src/common.c:126:1
	pop	{r0, r1, r2, r3, r4, r5, r6, pc}
.Ltmp57:
	.p2align	2
@ %bb.10:
	.loc	2 0 1 is_stmt 0         @ ../Src/common.c:0:1
__arm_cp.6_0:
	.long	.L_MergedGlobals
.Lcpi_end4:
	.size	__arm_cp.6_0, .Lcpi_end4-__arm_cp.6_0
__arm_cp.6_1:
	.long	1000000000              @ 0x3b9aca00
.Lcpi_end5:
	.size	__arm_cp.6_1, .Lcpi_end5-__arm_cp.6_1
.Lfunc_end6:
	.size	Int2StrSized, .Lfunc_end6-Int2StrSized
	.cfi_endproc
	.cantunwind
	.fnend
                                        @ -- End function
	.section	.text.ClearBuffer,"ax",%progbits
	.hidden	ClearBuffer             @ -- Begin function ClearBuffer
	.globl	ClearBuffer
	.p2align	2
	.type	ClearBuffer,%function
	.code	16                      @ @ClearBuffer
	.thumb_func
ClearBuffer:
.Lfunc_begin7:
	.loc	2 163 0 is_stmt 1       @ ../Src/common.c:163:0
	.fnstart
	.cfi_startproc
@ %bb.0:
	.save	{r7, lr}
	push	{r7, lr}
	.cfi_def_cfa_offset 8
	.cfi_offset lr, -4
	.cfi_offset r7, -8
	@DEBUG_VALUE: ClearBuffer:buffer <- $r0
	@DEBUG_VALUE: ClearBuffer:buffer <- $r0
	@DEBUG_VALUE: ClearBuffer:size <- $r1
	@DEBUG_VALUE: ClearBuffer:size <- $r1
.Ltmp58:
	.loc	2 164 7 prologue_end    @ ../Src/common.c:164:7
	ldr.w	lr, __arm_cp.7_0
	mov.w	r12, #0
	.loc	2 165 8                 @ ../Src/common.c:165:8
	movs	r3, #0
	.loc	2 164 7                 @ ../Src/common.c:164:7
	strh.w	r12, [lr, #2]
.LBB7_1:                                @ =>This Inner Loop Header: Depth=1
	@DEBUG_VALUE: ClearBuffer:size <- $r1
	@DEBUG_VALUE: ClearBuffer:buffer <- $r0
	.loc	2 165 8                 @ ../Src/common.c:165:8
	uxth	r2, r3
	.loc	2 165 2 is_stmt 0       @ ../Src/common.c:165:2
	cmp	r2, r1
	.loc	2 166 1 is_stmt 1       @ ../Src/common.c:166:1
	it	hs
	pophs	{r7, pc}
	.loc	2 165 32                @ ../Src/common.c:165:32
	adds	r3, #1
	strh.w	r3, [lr, #2]
	.loc	2 165 36 is_stmt 0      @ ../Src/common.c:165:36
	strb.w	r12, [r0, r2]
	.loc	2 165 8                 @ ../Src/common.c:165:8
	ldrh.w	r3, [lr, #2]
	b	.LBB7_1
.Ltmp59:
	.p2align	2
@ %bb.2:
	.loc	2 0 8                   @ ../Src/common.c:0:8
__arm_cp.7_0:
	.long	.L_MergedGlobals
.Lcpi_end6:
	.size	__arm_cp.7_0, .Lcpi_end6-__arm_cp.7_0
.Lfunc_end7:
	.size	ClearBuffer, .Lfunc_end7-ClearBuffer
	.cfi_endproc
	.cantunwind
	.fnend
                                        @ -- End function
	.section	.text.Str2Hex,"ax",%progbits
	.hidden	Str2Hex                 @ -- Begin function Str2Hex
	.globl	Str2Hex
	.p2align	1
	.type	Str2Hex,%function
	.code	16                      @ @Str2Hex
	.thumb_func
Str2Hex:
.Lfunc_begin8:
	.loc	2 130 0 is_stmt 1       @ ../Src/common.c:130:0
	.fnstart
	.cfi_startproc
@ %bb.0:
	.save	{r4, lr}
	push	{r4, lr}
	.cfi_def_cfa_offset 8
	.cfi_offset lr, -4
	.cfi_offset r4, -8
	@DEBUG_VALUE: Str2Hex:p_str <- $r0
	@DEBUG_VALUE: Str2Hex:p_str <- $r0
	@DEBUG_VALUE: Str2Hex:lenght <- $r1
	@DEBUG_VALUE: Str2Hex:lenght <- $r1
	@DEBUG_VALUE: Str2Hex:p_hex <- $r2
	@DEBUG_VALUE: Str2Hex:p_hex <- $r2
.Ltmp60:
	@DEBUG_VALUE: Str2Hex:hex_cnt <- 0
	@DEBUG_VALUE: Str2Hex:str_cnt <- 0
	.loc	2 133 2 prologue_end    @ ../Src/common.c:133:2
	add.w	lr, r0, #1
	mvn	r12, #111
.Ltmp61:
.LBB8_1:                                @ =>This Inner Loop Header: Depth=1
	@DEBUG_VALUE: Str2Hex:p_hex <- $r2
	@DEBUG_VALUE: Str2Hex:lenght <- $r1
	@DEBUG_VALUE: Str2Hex:p_str <- $r0
	lsls	r0, r1, #16
.Ltmp62:
	.loc	2 144 1                 @ ../Src/common.c:144:1
	it	eq
	popeq	{r4, pc}
.Ltmp63:
	.loc	2 135 7                 @ ../Src/common.c:135:7
	ldrb	r0, [lr, #-1]
	lsls	r3, r0, #4
.Ltmp64:
	.loc	2 135 6 is_stmt 0       @ ../Src/common.c:135:6
	cmp	r0, #57
	it	hi
	addhi.w	r3, r12, r0, lsl #4
.Ltmp65:
	.loc	2 136 23 is_stmt 1      @ ../Src/common.c:136:23
	strb	r3, [r2]
.Ltmp66:
	.loc	2 138 7                 @ ../Src/common.c:138:7
	ldrb.w	r0, [lr]
.Ltmp67:
	.loc	2 138 6 is_stmt 0       @ ../Src/common.c:138:6
	cmp	r0, #58
	blo	.LBB8_3
.Ltmp68:
@ %bb.2:                                @   in Loop: Header=BB8_1 Depth=1
	@DEBUG_VALUE: Str2Hex:p_hex <- $r2
	@DEBUG_VALUE: Str2Hex:lenght <- $r1
	.loc	2 138 51                @ ../Src/common.c:138:51
	sub.w	r4, r0, #65
	uxtb	r4, r4
	cmp	r4, #6
	mvn	r4, #86
	it	lo
	mvnlo	r4, #54
	add	r0, r4
	b	.LBB8_4
.Ltmp69:
.LBB8_3:                                @   in Loop: Header=BB8_1 Depth=1
	@DEBUG_VALUE: Str2Hex:p_hex <- $r2
	@DEBUG_VALUE: Str2Hex:lenght <- $r1
	.loc	2 138 22                @ ../Src/common.c:138:22
	subs	r0, #48
.Ltmp70:
.LBB8_4:                                @   in Loop: Header=BB8_1 Depth=1
	@DEBUG_VALUE: Str2Hex:p_hex <- $r2
	@DEBUG_VALUE: Str2Hex:lenght <- $r1
	.loc	2 0 22                  @ ../Src/common.c:0:22
	add	r0, r3
	.loc	2 133 2 is_stmt 1       @ ../Src/common.c:133:2
	add.w	lr, lr, #2
.Ltmp71:
	.loc	2 142 3                 @ ../Src/common.c:142:3
	subs	r1, #1
.Ltmp72:
	.loc	2 0 3 is_stmt 0         @ ../Src/common.c:0:3
	strb	r0, [r2], #1
.Ltmp73:
	b	.LBB8_1
.Ltmp74:
.Lfunc_end8:
	.size	Str2Hex, .Lfunc_end8-Str2Hex
	.cfi_endproc
	.cantunwind
	.fnend
                                        @ -- End function
	.section	.text.Hex2Str,"ax",%progbits
	.hidden	Hex2Str                 @ -- Begin function Hex2Str
	.globl	Hex2Str
	.p2align	1
	.type	Hex2Str,%function
	.code	16                      @ @Hex2Str
	.thumb_func
Hex2Str:
.Lfunc_begin9:
	.loc	2 147 0 is_stmt 1       @ ../Src/common.c:147:0
	.fnstart
	.cfi_startproc
@ %bb.0:
	.save	{r4, lr}
	push	{r4, lr}
	.cfi_def_cfa_offset 8
	.cfi_offset lr, -4
	.cfi_offset r4, -8
	@DEBUG_VALUE: Hex2Str:p_hex <- $r0
	@DEBUG_VALUE: Hex2Str:p_hex <- $r0
	@DEBUG_VALUE: Hex2Str:lenght <- $r1
	@DEBUG_VALUE: Hex2Str:lenght <- $r1
	@DEBUG_VALUE: Hex2Str:p_str <- $r2
	@DEBUG_VALUE: Hex2Str:p_str <- $r2
.Ltmp75:
	@DEBUG_VALUE: Hex2Str:hex_cnt <- 0
	@DEBUG_VALUE: Hex2Str:str_cnt <- 0
	.loc	2 150 2 prologue_end    @ ../Src/common.c:150:2
	adds	r2, #1
.Ltmp76:
	.loc	2 0 2 is_stmt 0         @ ../Src/common.c:0:2
	mov.w	r12, #55
	mov.w	lr, #48
.Ltmp77:
.LBB9_1:                                @ =>This Inner Loop Header: Depth=1
	@DEBUG_VALUE: Hex2Str:lenght <- $r1
	@DEBUG_VALUE: Hex2Str:p_hex <- $r0
	.loc	2 150 2                 @ ../Src/common.c:150:2
	lsls	r3, r1, #16
	.loc	2 161 1 is_stmt 1       @ ../Src/common.c:161:1
	it	eq
	popeq	{r4, pc}
.Ltmp78:
	.loc	2 152 7                 @ ../Src/common.c:152:7
	ldrb	r3, [r0]
.Ltmp79:
	.loc	2 159 3                 @ ../Src/common.c:159:3
	subs	r1, #1
.Ltmp80:
	.loc	2 153 47                @ ../Src/common.c:153:47
	orr.w	r4, lr, r3, lsr #4
.Ltmp81:
	.loc	2 152 6                 @ ../Src/common.c:152:6
	cmp	r3, #159
	it	hi
	addhi.w	r4, r12, r3, lsr #4
.Ltmp82:
	.loc	2 153 23                @ ../Src/common.c:153:23
	strb	r4, [r2, #-1]
.Ltmp83:
	.loc	2 155 7                 @ ../Src/common.c:155:7
	ldrb	r3, [r0], #1
.Ltmp84:
	.loc	2 155 22 is_stmt 0      @ ../Src/common.c:155:22
	and	r3, r3, #15
	.loc	2 156 49 is_stmt 1      @ ../Src/common.c:156:49
	orr	r4, r3, #48
.Ltmp85:
	.loc	2 155 6                 @ ../Src/common.c:155:6
	cmp	r3, #9
	it	hi
	addhi.w	r4, r3, #55
.Ltmp86:
	.loc	2 156 24                @ ../Src/common.c:156:24
	strb	r4, [r2]
.Ltmp87:
	.loc	2 150 2                 @ ../Src/common.c:150:2
	adds	r2, #2
	b	.LBB9_1
.Ltmp88:
.Lfunc_end9:
	.size	Hex2Str, .Lfunc_end9-Hex2Str
	.cfi_endproc
	.cantunwind
	.fnend
                                        @ -- End function
	.section	.text.ClearBuffer16,"ax",%progbits
	.hidden	ClearBuffer16           @ -- Begin function ClearBuffer16
	.globl	ClearBuffer16
	.p2align	2
	.type	ClearBuffer16,%function
	.code	16                      @ @ClearBuffer16
	.thumb_func
ClearBuffer16:
.Lfunc_begin10:
	.loc	2 170 0                 @ ../Src/common.c:170:0
	.fnstart
	.cfi_startproc
@ %bb.0:
	.save	{r7, lr}
	push	{r7, lr}
	.cfi_def_cfa_offset 8
	.cfi_offset lr, -4
	.cfi_offset r7, -8
	@DEBUG_VALUE: ClearBuffer16:buffer <- $r0
	@DEBUG_VALUE: ClearBuffer16:buffer <- $r0
	@DEBUG_VALUE: ClearBuffer16:size <- $r1
	@DEBUG_VALUE: ClearBuffer16:size <- $r1
.Ltmp89:
	.loc	2 171 7 prologue_end    @ ../Src/common.c:171:7
	ldr.w	lr, __arm_cp.10_0
	mov.w	r12, #0
	.loc	2 172 8                 @ ../Src/common.c:172:8
	movs	r3, #0
	.loc	2 171 7                 @ ../Src/common.c:171:7
	strh.w	r12, [lr, #2]
.LBB10_1:                               @ =>This Inner Loop Header: Depth=1
	@DEBUG_VALUE: ClearBuffer16:size <- $r1
	@DEBUG_VALUE: ClearBuffer16:buffer <- $r0
	.loc	2 172 8                 @ ../Src/common.c:172:8
	uxth	r2, r3
	.loc	2 172 2 is_stmt 0       @ ../Src/common.c:172:2
	cmp	r2, r1
	.loc	2 173 1 is_stmt 1       @ ../Src/common.c:173:1
	it	hs
	pophs	{r7, pc}
	.loc	2 172 32                @ ../Src/common.c:172:32
	adds	r3, #1
	strh.w	r3, [lr, #2]
	.loc	2 172 36 is_stmt 0      @ ../Src/common.c:172:36
	strh.w	r12, [r0, r2, lsl #1]
	.loc	2 172 8                 @ ../Src/common.c:172:8
	ldrh.w	r3, [lr, #2]
	b	.LBB10_1
.Ltmp90:
	.p2align	2
@ %bb.2:
	.loc	2 0 8                   @ ../Src/common.c:0:8
__arm_cp.10_0:
	.long	.L_MergedGlobals
.Lcpi_end7:
	.size	__arm_cp.10_0, .Lcpi_end7-__arm_cp.10_0
.Lfunc_end10:
	.size	ClearBuffer16, .Lfunc_end10-ClearBuffer16
	.cfi_endproc
	.cantunwind
	.fnend
                                        @ -- End function
	.section	.text.Str2Int,"ax",%progbits
	.hidden	Str2Int                 @ -- Begin function Str2Int
	.globl	Str2Int
	.p2align	1
	.type	Str2Int,%function
	.code	16                      @ @Str2Int
	.thumb_func
Str2Int:
.Lfunc_begin11:
	.loc	2 177 0 is_stmt 1       @ ../Src/common.c:177:0
	.fnstart
	.cfi_startproc
@ %bb.0:
	.save	{r4, lr}
	push	{r4, lr}
	.cfi_def_cfa_offset 8
	.cfi_offset lr, -4
	.cfi_offset r4, -8
	@DEBUG_VALUE: Str2Int:p_inputstr <- $r0
	@DEBUG_VALUE: Str2Int:p_inputstr <- $r0
	@DEBUG_VALUE: Str2Int:p_intnum <- $r1
	@DEBUG_VALUE: Str2Int:p_intnum <- $r1
.Ltmp91:
	@DEBUG_VALUE: Str2Int:i <- 0
	@DEBUG_VALUE: Str2Int:res <- 0
	@DEBUG_VALUE: Str2Int:val <- 0
	.loc	2 181 8 prologue_end    @ ../Src/common.c:181:8
	ldrb	r2, [r0]
	.loc	2 181 30 is_stmt 0      @ ../Src/common.c:181:30
	cmp	r2, #48
	bne	.LBB11_15
.Ltmp92:
@ %bb.1:
	@DEBUG_VALUE: Str2Int:p_intnum <- $r1
	@DEBUG_VALUE: Str2Int:p_inputstr <- $r0
	.loc	2 0 30                  @ ../Src/common.c:0:30
	ldrb	r2, [r0, #1]
	.loc	2 181 57                @ ../Src/common.c:181:57
	orr	r2, r2, #32
	cmp	r2, #120
	bne	.LBB11_15
.Ltmp93:
@ %bb.2:
	@DEBUG_VALUE: Str2Int:p_intnum <- $r1
	@DEBUG_VALUE: Str2Int:p_inputstr <- $r0
	.loc	2 0 57                  @ ../Src/common.c:0:57
	mov.w	r12, #0
	mov.w	lr, #2
	b	.LBB11_12
.Ltmp94:
.LBB11_3:                               @   in Loop: Header=BB11_12 Depth=1
	@DEBUG_VALUE: Str2Int:i <- $lr
	@DEBUG_VALUE: Str2Int:p_intnum <- $r1
	@DEBUG_VALUE: Str2Int:p_inputstr <- $r0
	.loc	2 184 5 is_stmt 1       @ ../Src/common.c:184:5
	cbz	r2, .LBB11_14
.Ltmp95:
@ %bb.4:                                @   in Loop: Header=BB11_12 Depth=1
	@DEBUG_VALUE: Str2Int:i <- $lr
	@DEBUG_VALUE: Str2Int:p_intnum <- $r1
	@DEBUG_VALUE: Str2Int:p_inputstr <- $r0
	.loc	2 186 11                @ ../Src/common.c:186:11
	cmp	r2, #65
	blo	.LBB11_7
.Ltmp96:
@ %bb.5:                                @   in Loop: Header=BB11_12 Depth=1
	@DEBUG_VALUE: Str2Int:i <- $lr
	@DEBUG_VALUE: Str2Int:p_intnum <- $r1
	@DEBUG_VALUE: Str2Int:p_inputstr <- $r0
	cmp	r2, #71
	bhs	.LBB11_9
.Ltmp97:
@ %bb.6:                                @   in Loop: Header=BB11_12 Depth=1
	@DEBUG_VALUE: Str2Int:i <- $lr
	@DEBUG_VALUE: Str2Int:p_intnum <- $r1
	@DEBUG_VALUE: Str2Int:p_inputstr <- $r0
	.loc	2 0 11 is_stmt 0        @ ../Src/common.c:0:11
	mvn	r3, #54
	b	.LBB11_11
.Ltmp98:
.LBB11_7:                               @   in Loop: Header=BB11_12 Depth=1
	@DEBUG_VALUE: Str2Int:i <- $lr
	@DEBUG_VALUE: Str2Int:p_intnum <- $r1
	@DEBUG_VALUE: Str2Int:p_inputstr <- $r0
	.loc	2 186 11                @ ../Src/common.c:186:11
	sub.w	r3, r2, #48
	uxtb	r3, r3
	cmp	r3, #9
	bhi	.LBB11_33
.Ltmp99:
@ %bb.8:                                @   in Loop: Header=BB11_12 Depth=1
	@DEBUG_VALUE: Str2Int:i <- $lr
	@DEBUG_VALUE: Str2Int:p_intnum <- $r1
	@DEBUG_VALUE: Str2Int:p_inputstr <- $r0
	.loc	2 0 11                  @ ../Src/common.c:0:11
	mvn	r3, #47
	b	.LBB11_11
.Ltmp100:
.LBB11_9:                               @   in Loop: Header=BB11_12 Depth=1
	@DEBUG_VALUE: Str2Int:i <- $lr
	@DEBUG_VALUE: Str2Int:p_intnum <- $r1
	@DEBUG_VALUE: Str2Int:p_inputstr <- $r0
	.loc	2 186 11                @ ../Src/common.c:186:11
	sub.w	r3, r2, #97
	uxtb	r3, r3
	cmp	r3, #6
	bhs	.LBB11_33
.Ltmp101:
@ %bb.10:                               @   in Loop: Header=BB11_12 Depth=1
	@DEBUG_VALUE: Str2Int:i <- $lr
	@DEBUG_VALUE: Str2Int:p_intnum <- $r1
	@DEBUG_VALUE: Str2Int:p_inputstr <- $r0
	.loc	2 0 11                  @ ../Src/common.c:0:11
	mvn	r3, #86
.Ltmp102:
.LBB11_11:                              @   in Loop: Header=BB11_12 Depth=1
	@DEBUG_VALUE: Str2Int:i <- $lr
	@DEBUG_VALUE: Str2Int:p_intnum <- $r1
	@DEBUG_VALUE: Str2Int:p_inputstr <- $r0
	@DEBUG_VALUE: Str2Int:val <- $r12
	.loc	2 188 28 is_stmt 1      @ ../Src/common.c:188:28
	add	r2, r3
.Ltmp103:
	.loc	2 196 8                 @ ../Src/common.c:196:8
	add.w	lr, lr, #1
.Ltmp104:
	@DEBUG_VALUE: Str2Int:i <- $lr
	.loc	2 188 26                @ ../Src/common.c:188:26
	add.w	r12, r2, r12, lsl #4
.Ltmp105:
	@DEBUG_VALUE: Str2Int:val <- $r12
.LBB11_12:                              @ =>This Inner Loop Header: Depth=1
	@DEBUG_VALUE: Str2Int:p_intnum <- $r1
	@DEBUG_VALUE: Str2Int:p_inputstr <- $r0
	@DEBUG_VALUE: Str2Int:i <- $lr
	.loc	2 0 26 is_stmt 0        @ ../Src/common.c:0:26
	ldrb.w	r2, [r0, lr]
	.loc	2 184 24 is_stmt 1      @ ../Src/common.c:184:24
	cmp.w	lr, #10
	bls	.LBB11_3
.Ltmp106:
@ %bb.13:
	@DEBUG_VALUE: Str2Int:i <- $lr
	@DEBUG_VALUE: Str2Int:p_intnum <- $r1
	@DEBUG_VALUE: Str2Int:p_inputstr <- $r0
	@DEBUG_VALUE: Str2Int:res <- 0
	.loc	2 200 9                 @ ../Src/common.c:200:9
	cbnz	r2, .LBB11_33
.Ltmp107:
.LBB11_14:
	@DEBUG_VALUE: Str2Int:i <- $lr
	@DEBUG_VALUE: Str2Int:p_intnum <- $r1
	@DEBUG_VALUE: Str2Int:p_inputstr <- $r0
	@DEBUG_VALUE: Str2Int:res <- 1
	.loc	2 202 17                @ ../Src/common.c:202:17
	str.w	r12, [r1]
	mov.w	r12, #1
	b	.LBB11_34
.Ltmp108:
.LBB11_15:
	@DEBUG_VALUE: Str2Int:p_intnum <- $r1
	@DEBUG_VALUE: Str2Int:p_inputstr <- $r0
	.loc	2 0 17 is_stmt 0        @ ../Src/common.c:0:17
	movs	r3, #0
	mov.w	r12, #0
	mov.w	lr, #0
.Ltmp109:
.LBB11_16:                              @ =>This Inner Loop Header: Depth=1
	@DEBUG_VALUE: Str2Int:p_intnum <- $r1
	@DEBUG_VALUE: Str2Int:p_inputstr <- $r0
	@DEBUG_VALUE: Str2Int:i <- $r3
	.loc	2 208 5 is_stmt 1       @ ../Src/common.c:208:5
	cmp	r3, #10
	bhi	.LBB11_34
.Ltmp110:
@ %bb.17:                               @   in Loop: Header=BB11_16 Depth=1
	@DEBUG_VALUE: Str2Int:i <- $r3
	@DEBUG_VALUE: Str2Int:p_intnum <- $r1
	@DEBUG_VALUE: Str2Int:p_inputstr <- $r0
	cmp.w	r12, #1
	beq	.LBB11_34
.Ltmp111:
@ %bb.18:                               @   in Loop: Header=BB11_16 Depth=1
	@DEBUG_VALUE: Str2Int:i <- $r3
	@DEBUG_VALUE: Str2Int:p_intnum <- $r1
	@DEBUG_VALUE: Str2Int:p_inputstr <- $r0
	.loc	2 210 11                @ ../Src/common.c:210:11
	ldrb	r2, [r0, r3]
.Ltmp112:
	.loc	2 210 11 is_stmt 0      @ ../Src/common.c:210:11
	cmp	r2, #107
	beq	.LBB11_24
.Ltmp113:
@ %bb.19:                               @   in Loop: Header=BB11_16 Depth=1
	@DEBUG_VALUE: Str2Int:i <- $r3
	@DEBUG_VALUE: Str2Int:p_intnum <- $r1
	@DEBUG_VALUE: Str2Int:p_inputstr <- $r0
	.loc	2 0 11                  @ ../Src/common.c:0:11
	cbz	r2, .LBB11_29
.Ltmp114:
@ %bb.20:                               @   in Loop: Header=BB11_16 Depth=1
	@DEBUG_VALUE: Str2Int:i <- $r3
	@DEBUG_VALUE: Str2Int:p_intnum <- $r1
	@DEBUG_VALUE: Str2Int:p_inputstr <- $r0
	.loc	2 216 67 is_stmt 1      @ ../Src/common.c:216:67
	cbz	r3, .LBB11_22
.Ltmp115:
@ %bb.21:                               @   in Loop: Header=BB11_16 Depth=1
	@DEBUG_VALUE: Str2Int:i <- $r3
	@DEBUG_VALUE: Str2Int:p_intnum <- $r1
	@DEBUG_VALUE: Str2Int:p_inputstr <- $r0
	cmp	r2, #75
	beq	.LBB11_25
.Ltmp116:
.LBB11_22:                              @   in Loop: Header=BB11_16 Depth=1
	@DEBUG_VALUE: Str2Int:i <- $r3
	@DEBUG_VALUE: Str2Int:p_intnum <- $r1
	@DEBUG_VALUE: Str2Int:p_inputstr <- $r0
	.loc	2 222 40                @ ../Src/common.c:222:40
	cmp	r2, #109
	bne	.LBB11_26
.Ltmp117:
@ %bb.23:                               @   in Loop: Header=BB11_16 Depth=1
	@DEBUG_VALUE: Str2Int:i <- $r3
	@DEBUG_VALUE: Str2Int:p_intnum <- $r1
	@DEBUG_VALUE: Str2Int:p_inputstr <- $r0
	.loc	2 0 40 is_stmt 0        @ ../Src/common.c:0:40
	cbnz	r3, .LBB11_28
	b	.LBB11_33
.Ltmp118:
.LBB11_24:                              @   in Loop: Header=BB11_16 Depth=1
	@DEBUG_VALUE: Str2Int:i <- $r3
	@DEBUG_VALUE: Str2Int:p_intnum <- $r1
	@DEBUG_VALUE: Str2Int:p_inputstr <- $r0
	.loc	2 216 16 is_stmt 1      @ ../Src/common.c:216:16
	cbz	r3, .LBB11_33
.Ltmp119:
.LBB11_25:                              @   in Loop: Header=BB11_16 Depth=1
	@DEBUG_VALUE: Str2Int:i <- $r3
	@DEBUG_VALUE: Str2Int:p_intnum <- $r1
	@DEBUG_VALUE: Str2Int:p_inputstr <- $r0
	.loc	2 218 19                @ ../Src/common.c:218:19
	lsl.w	lr, lr, #10
	b	.LBB11_29
.Ltmp120:
.LBB11_26:                              @   in Loop: Header=BB11_16 Depth=1
	@DEBUG_VALUE: Str2Int:i <- $r3
	@DEBUG_VALUE: Str2Int:p_intnum <- $r1
	@DEBUG_VALUE: Str2Int:p_inputstr <- $r0
	.loc	2 0 19 is_stmt 0        @ ../Src/common.c:0:19
	cbz	r3, .LBB11_31
.Ltmp121:
@ %bb.27:                               @   in Loop: Header=BB11_16 Depth=1
	@DEBUG_VALUE: Str2Int:i <- $r3
	@DEBUG_VALUE: Str2Int:p_intnum <- $r1
	@DEBUG_VALUE: Str2Int:p_inputstr <- $r0
	.loc	2 222 67 is_stmt 1      @ ../Src/common.c:222:67
	cmp	r2, #77
	bne	.LBB11_31
.Ltmp122:
.LBB11_28:                              @   in Loop: Header=BB11_16 Depth=1
	@DEBUG_VALUE: Str2Int:i <- $r3
	@DEBUG_VALUE: Str2Int:p_intnum <- $r1
	@DEBUG_VALUE: Str2Int:p_inputstr <- $r0
	.loc	2 224 19                @ ../Src/common.c:224:19
	lsl.w	lr, lr, #20
.Ltmp123:
.LBB11_29:                              @   in Loop: Header=BB11_16 Depth=1
	@DEBUG_VALUE: Str2Int:i <- $r3
	@DEBUG_VALUE: Str2Int:p_intnum <- $r1
	@DEBUG_VALUE: Str2Int:p_inputstr <- $r0
	@DEBUG_VALUE: Str2Int:val <- $lr
	.loc	2 0 19 is_stmt 0        @ ../Src/common.c:0:19
	mov.w	r12, #1
	@DEBUG_VALUE: Str2Int:res <- 1
	str.w	lr, [r1]
.Ltmp124:
.LBB11_30:                              @   in Loop: Header=BB11_16 Depth=1
	@DEBUG_VALUE: Str2Int:val <- $lr
	@DEBUG_VALUE: Str2Int:i <- $r3
	@DEBUG_VALUE: Str2Int:p_intnum <- $r1
	@DEBUG_VALUE: Str2Int:p_inputstr <- $r0
	.loc	2 238 8 is_stmt 1       @ ../Src/common.c:238:8
	adds	r3, #1
.Ltmp125:
	@DEBUG_VALUE: Str2Int:i <- $r3
	.loc	2 0 8 is_stmt 0         @ ../Src/common.c:0:8
	b	.LBB11_16
.Ltmp126:
.LBB11_31:                              @   in Loop: Header=BB11_16 Depth=1
	@DEBUG_VALUE: Str2Int:i <- $r3
	@DEBUG_VALUE: Str2Int:p_intnum <- $r1
	@DEBUG_VALUE: Str2Int:p_inputstr <- $r0
	.loc	2 228 16 is_stmt 1      @ ../Src/common.c:228:16
	sub.w	r4, r2, #48
	uxtb	r4, r4
	cmp	r4, #9
	bhi	.LBB11_33
.Ltmp127:
@ %bb.32:                               @   in Loop: Header=BB11_16 Depth=1
	@DEBUG_VALUE: Str2Int:i <- $r3
	@DEBUG_VALUE: Str2Int:p_intnum <- $r1
	@DEBUG_VALUE: Str2Int:p_inputstr <- $r0
	.loc	2 230 19                @ ../Src/common.c:230:19
	add.w	r4, lr, lr, lsl #2
	.loc	2 230 26 is_stmt 0      @ ../Src/common.c:230:26
	add.w	r2, r2, r4, lsl #1
	.loc	2 230 24                @ ../Src/common.c:230:24
	sub.w	lr, r2, #48
.Ltmp128:
	@DEBUG_VALUE: Str2Int:val <- $lr
	.loc	2 0 24                  @ ../Src/common.c:0:24
	b	.LBB11_30
.Ltmp129:
.LBB11_33:
	@DEBUG_VALUE: Str2Int:p_intnum <- $r1
	@DEBUG_VALUE: Str2Int:p_inputstr <- $r0
	mov.w	r12, #0
.Ltmp130:
.LBB11_34:
	@DEBUG_VALUE: Str2Int:p_intnum <- $r1
	@DEBUG_VALUE: Str2Int:p_inputstr <- $r0
	.loc	2 242 3 is_stmt 1       @ ../Src/common.c:242:3
	mov	r0, r12
.Ltmp131:
	@DEBUG_VALUE: Str2Int:res <- $r12
	pop	{r4, pc}
.Ltmp132:
.Lfunc_end11:
	.size	Str2Int, .Lfunc_end11-Str2Int
	.cfi_endproc
	.cantunwind
	.fnend
                                        @ -- End function
	.section	.text.CharToBin,"ax",%progbits
	.hidden	CharToBin               @ -- Begin function CharToBin
	.globl	CharToBin
	.p2align	2
	.type	CharToBin,%function
	.code	16                      @ @CharToBin
	.thumb_func
CharToBin:
.Lfunc_begin12:
	.loc	2 247 0                 @ ../Src/common.c:247:0
	.fnstart
	.cfi_startproc
@ %bb.0:
	.save	{r4, lr}
	push	{r4, lr}
	.cfi_def_cfa_offset 8
	.cfi_offset lr, -4
	.cfi_offset r4, -8
	@DEBUG_VALUE: CharToBin:c <- $r0
	@DEBUG_VALUE: CharToBin:c <- $r0
	@DEBUG_VALUE: CharToBin:out <- $r1
	@DEBUG_VALUE: CharToBin:out <- $r1
.Ltmp133:
	.loc	2 249 10 prologue_end   @ ../Src/common.c:249:10
	ldr	r2, __arm_cp.12_0
	ldr	r4, __arm_cp.12_1
	.loc	2 249 43 is_stmt 0      @ ../Src/common.c:249:43
	mov.w	r12, #16843009
	.loc	2 249 10                @ ../Src/common.c:249:10
	umull	r2, r3, r0, r2
	mla	r0, r0, r4, r3
.Ltmp134:
	.loc	2 249 43                @ ../Src/common.c:249:43
	and.w	r2, r12, r2, lsr #7
	and.w	r0, r12, r0, lsr #7
	.loc	2 248 53 is_stmt 1      @ ../Src/common.c:248:53
	orr	r2, r2, #808464432
	orr	r0, r0, #808464432
	.loc	2 248 28 is_stmt 0      @ ../Src/common.c:248:28
	strd	r2, r0, [r1]
	.loc	2 250 1 is_stmt 1       @ ../Src/common.c:250:1
	pop	{r4, pc}
.Ltmp135:
	.p2align	2
@ %bb.1:
	.loc	2 0 1 is_stmt 0         @ ../Src/common.c:0:1
__arm_cp.12_0:
	.long	134480385               @ 0x8040201
.Lcpi_end8:
	.size	__arm_cp.12_0, .Lcpi_end8-__arm_cp.12_0
__arm_cp.12_1:
	.long	2151686160              @ 0x80402010
.Lcpi_end9:
	.size	__arm_cp.12_1, .Lcpi_end9-__arm_cp.12_1
.Lfunc_end12:
	.size	CharToBin, .Lfunc_end12-CharToBin
	.cfi_endproc
	.cantunwind
	.fnend
                                        @ -- End function
	.type	.L_MergedGlobals,%object @ @_MergedGlobals
	.section	.bss..L_MergedGlobals,"aw",%nobits
	.p2align	2
.L_MergedGlobals:
	.zero	4
	.size	.L_MergedGlobals, 4

	.section	.debug_str,"MS",%progbits,1
.Linfo_string0:
	.asciz	"Component: ARM Compiler 6.10.1 Tool: armclang [5d143200]" @ string offset=0
.Linfo_string1:
	.asciz	"../Src\\common.c"      @ string offset=57
.Linfo_string2:
	.asciz	"F:\\SkyDrive\\OtvoreniProjekti\\HotelSaplast\\fw\\RoomThermostat\\DE-170518\\MDK-ARM" @ string offset=73
.Linfo_string3:
	.asciz	"calc"                  @ string offset=151
.Linfo_string4:
	.asciz	"unsigned short"        @ string offset=156
.Linfo_string5:
	.asciz	"uint16_t"              @ string offset=171
.Linfo_string6:
	.asciz	"rest"                  @ string offset=180
.Linfo_string7:
	.asciz	"unsigned char"         @ string offset=185
.Linfo_string8:
	.asciz	"uint8_t"               @ string offset=199
.Linfo_string9:
	.asciz	"long long unsigned int" @ string offset=207
.Linfo_string10:
	.asciz	"ClearBuffer"           @ string offset=230
.Linfo_string11:
	.asciz	"buffer"                @ string offset=242
.Linfo_string12:
	.asciz	"size"                  @ string offset=249
.Linfo_string13:
	.asciz	"unsigned int"          @ string offset=254
.Linfo_string14:
	.asciz	"uint32_t"              @ string offset=267
.Linfo_string15:
	.asciz	"Delay"                 @ string offset=276
.Linfo_string16:
	.asciz	"GetLenght"             @ string offset=282
.Linfo_string17:
	.asciz	"int"                   @ string offset=292
.Linfo_string18:
	.asciz	"Bcd2Dec"               @ string offset=296
.Linfo_string19:
	.asciz	"Dec2Bcd"               @ string offset=304
.Linfo_string20:
	.asciz	"CalcCRC"               @ string offset=312
.Linfo_string21:
	.asciz	"Int2Str"               @ string offset=320
.Linfo_string22:
	.asciz	"Int2StrSized"          @ string offset=328
.Linfo_string23:
	.asciz	"Str2Hex"               @ string offset=341
.Linfo_string24:
	.asciz	"Hex2Str"               @ string offset=349
.Linfo_string25:
	.asciz	"ClearBuffer16"         @ string offset=357
.Linfo_string26:
	.asciz	"Str2Int"               @ string offset=371
.Linfo_string27:
	.asciz	"CharToBin"             @ string offset=379
.Linfo_string28:
	.asciz	"nCount"                @ string offset=389
.Linfo_string29:
	.asciz	"index"                 @ string offset=396
.Linfo_string30:
	.asciz	"p"                     @ string offset=402
.Linfo_string31:
	.asciz	"char"                  @ string offset=404
.Linfo_string32:
	.asciz	"bcd"                   @ string offset=409
.Linfo_string33:
	.asciz	"dec"                   @ string offset=413
.Linfo_string34:
	.asciz	"buff"                  @ string offset=417
.Linfo_string35:
	.asciz	"p_str"                 @ string offset=422
.Linfo_string36:
	.asciz	"intnum"                @ string offset=428
.Linfo_string37:
	.asciz	"i"                     @ string offset=435
.Linfo_string38:
	.asciz	"status"                @ string offset=437
.Linfo_string39:
	.asciz	"pos"                   @ string offset=444
.Linfo_string40:
	.asciz	"divider"               @ string offset=448
.Linfo_string41:
	.asciz	"result"                @ string offset=456
.Linfo_string42:
	.asciz	"sizetype"              @ string offset=463
.Linfo_string43:
	.asciz	"lenght"                @ string offset=472
.Linfo_string44:
	.asciz	"p_hex"                 @ string offset=479
.Linfo_string45:
	.asciz	"hex_cnt"               @ string offset=485
.Linfo_string46:
	.asciz	"str_cnt"               @ string offset=493
.Linfo_string47:
	.asciz	"p_inputstr"            @ string offset=501
.Linfo_string48:
	.asciz	"p_intnum"              @ string offset=512
.Linfo_string49:
	.asciz	"res"                   @ string offset=521
.Linfo_string50:
	.asciz	"val"                   @ string offset=525
.Linfo_string51:
	.asciz	"c"                     @ string offset=529
.Linfo_string52:
	.asciz	"out"                   @ string offset=531
	.section	.debug_loc,"",%progbits
.Ldebug_loc0:
	.long	.Lfunc_begin0
	.long	.Ltmp0
	.short	1                       @ Loc expr size
	.byte	80                      @ DW_OP_reg0
	.long	.Ltmp4
	.long	.Ltmp5
	.short	1                       @ Loc expr size
	.byte	80                      @ DW_OP_reg0
	.long	0
	.long	0
.Ldebug_loc1:
	.long	.Ltmp0
	.long	.Ltmp2
	.short	2                       @ Loc expr size
	.byte	16                      @ DW_OP_constu
	.byte	0                       @ 0
	.long	.Ltmp2
	.long	.Lfunc_end0
	.short	1                       @ Loc expr size
	.byte	80                      @ DW_OP_reg0
	.long	0
	.long	0
.Ldebug_loc2:
	.long	.Lfunc_begin1
	.long	.Ltmp12
	.short	1                       @ Loc expr size
	.byte	80                      @ DW_OP_reg0
	.long	0
	.long	0
.Ldebug_loc3:
	.long	.Lfunc_begin2
	.long	.Ltmp14
	.short	1                       @ Loc expr size
	.byte	80                      @ DW_OP_reg0
	.long	0
	.long	0
.Ldebug_loc4:
	.long	.Lfunc_begin3
	.long	.Ltmp16
	.short	1                       @ Loc expr size
	.byte	80                      @ DW_OP_reg0
	.long	0
	.long	0
.Ldebug_loc5:
	.long	.Lfunc_begin4
	.long	.Ltmp19
	.short	1                       @ Loc expr size
	.byte	80                      @ DW_OP_reg0
	.long	.Ltmp21
	.long	.Ltmp23
	.short	1                       @ Loc expr size
	.byte	80                      @ DW_OP_reg0
	.long	0
	.long	0
.Ldebug_loc6:
	.long	.Lfunc_begin4
	.long	.Ltmp20
	.short	1                       @ Loc expr size
	.byte	81                      @ DW_OP_reg1
	.long	.Ltmp21
	.long	.Ltmp24
	.short	1                       @ Loc expr size
	.byte	81                      @ DW_OP_reg1
	.long	0
	.long	0
.Ldebug_loc7:
	.long	.Lfunc_begin5
	.long	.Lfunc_end5
	.short	1                       @ Loc expr size
	.byte	80                      @ DW_OP_reg0
	.long	0
	.long	0
.Ldebug_loc8:
	.long	.Lfunc_begin5
	.long	.Ltmp37
	.short	1                       @ Loc expr size
	.byte	81                      @ DW_OP_reg1
	.long	0
	.long	0
.Ldebug_loc9:
	.long	.Ltmp25
	.long	.Lfunc_end5
	.short	2                       @ Loc expr size
	.byte	16                      @ DW_OP_constu
	.byte	0                       @ 0
	.long	0
	.long	0
.Ldebug_loc10:
	.long	.Ltmp25
	.long	.Ltmp31
	.short	2                       @ Loc expr size
	.byte	16                      @ DW_OP_constu
	.byte	0                       @ 0
	.long	.Ltmp31
	.long	.Ltmp37
	.short	1                       @ Loc expr size
	.byte	82                      @ DW_OP_reg2
	.long	0
	.long	0
.Ldebug_loc11:
	.long	.Ltmp25
	.long	.Ltmp31
	.short	2                       @ Loc expr size
	.byte	16                      @ DW_OP_constu
	.byte	0                       @ 0
	.long	.Ltmp31
	.long	.Ltmp33
	.short	1                       @ Loc expr size
	.byte	83                      @ DW_OP_reg3
	.long	.Ltmp33
	.long	.Ltmp34
	.short	1                       @ Loc expr size
	.byte	86                      @ DW_OP_reg6
	.long	.Ltmp34
	.long	.Ltmp37
	.short	1                       @ Loc expr size
	.byte	83                      @ DW_OP_reg3
	.long	0
	.long	0
.Ldebug_loc12:
	.long	.Ltmp25
	.long	.Ltmp31
	.short	6                       @ Loc expr size
	.byte	16                      @ DW_OP_constu
	.byte	128                     @ 1000000000
	.byte	148                     @ 
	.byte	235                     @ 
	.byte	220                     @ 
	.byte	3                       @ 
	.long	.Ltmp31
	.long	.Ltmp37
	.short	1                       @ Loc expr size
	.byte	84                      @ DW_OP_reg4
	.long	0
	.long	0
.Ldebug_loc13:
	.long	.Lfunc_begin6
	.long	.Ltmp49
	.short	1                       @ Loc expr size
	.byte	81                      @ DW_OP_reg1
	.long	0
	.long	0
.Ldebug_loc14:
	.long	.Lfunc_begin6
	.long	.Ltmp53
	.short	1                       @ Loc expr size
	.byte	82                      @ DW_OP_reg2
	.long	.Ltmp54
	.long	.Ltmp57
	.short	1                       @ Loc expr size
	.byte	82                      @ DW_OP_reg2
	.long	0
	.long	0
.Ldebug_loc15:
	.long	.Ltmp38
	.long	.Ltmp43
	.short	6                       @ Loc expr size
	.byte	16                      @ DW_OP_constu
	.byte	128                     @ 1000000000
	.byte	148                     @ 
	.byte	235                     @ 
	.byte	220                     @ 
	.byte	3                       @ 
	.long	.Ltmp43
	.long	.Ltmp47
	.short	1                       @ Loc expr size
	.byte	84                      @ DW_OP_reg4
	.long	0
	.long	0
.Ldebug_loc16:
	.long	.Ltmp38
	.long	.Ltmp42
	.short	2                       @ Loc expr size
	.byte	16                      @ DW_OP_constu
	.byte	0                       @ 0
	.long	.Ltmp42
	.long	.Ltmp50
	.short	1                       @ Loc expr size
	.byte	83                      @ DW_OP_reg3
	.long	.Ltmp54
	.long	.Ltmp55
	.short	1                       @ Loc expr size
	.byte	83                      @ DW_OP_reg3
	.long	0
	.long	0
.Ldebug_loc17:
	.long	.Ltmp47
	.long	.Ltmp47
	.short	1                       @ Loc expr size
	.byte	83                      @ DW_OP_reg3
	.long	0
	.long	0
.Ldebug_loc18:
	.long	.Lfunc_begin8
	.long	.Ltmp62
	.short	1                       @ Loc expr size
	.byte	80                      @ DW_OP_reg0
	.long	0
	.long	0
.Ldebug_loc19:
	.long	.Lfunc_begin8
	.long	.Ltmp72
	.short	1                       @ Loc expr size
	.byte	81                      @ DW_OP_reg1
	.long	0
	.long	0
.Ldebug_loc20:
	.long	.Lfunc_begin8
	.long	.Ltmp73
	.short	1                       @ Loc expr size
	.byte	82                      @ DW_OP_reg2
	.long	0
	.long	0
.Ldebug_loc21:
	.long	.Lfunc_begin9
	.long	.Ltmp84
	.short	1                       @ Loc expr size
	.byte	80                      @ DW_OP_reg0
	.long	0
	.long	0
.Ldebug_loc22:
	.long	.Lfunc_begin9
	.long	.Ltmp80
	.short	1                       @ Loc expr size
	.byte	81                      @ DW_OP_reg1
	.long	0
	.long	0
.Ldebug_loc23:
	.long	.Lfunc_begin9
	.long	.Ltmp76
	.short	1                       @ Loc expr size
	.byte	82                      @ DW_OP_reg2
	.long	0
	.long	0
.Ldebug_loc24:
	.long	.Lfunc_begin11
	.long	.Ltmp131
	.short	1                       @ Loc expr size
	.byte	80                      @ DW_OP_reg0
	.long	0
	.long	0
.Ldebug_loc25:
	.long	.Ltmp91
	.long	.Ltmp94
	.short	2                       @ Loc expr size
	.byte	16                      @ DW_OP_constu
	.byte	0                       @ 0
	.long	.Ltmp94
	.long	.Ltmp108
	.short	1                       @ Loc expr size
	.byte	94                      @ DW_OP_reg14
	.long	.Ltmp109
	.long	.Ltmp129
	.short	1                       @ Loc expr size
	.byte	83                      @ DW_OP_reg3
	.long	0
	.long	0
.Ldebug_loc26:
	.long	.Ltmp91
	.long	.Ltmp107
	.short	2                       @ Loc expr size
	.byte	16                      @ DW_OP_constu
	.byte	0                       @ 0
	.long	.Ltmp107
	.long	.Ltmp131
	.short	2                       @ Loc expr size
	.byte	16                      @ DW_OP_constu
	.byte	1                       @ 1
	.long	.Ltmp131
	.long	.Lfunc_end11
	.short	1                       @ Loc expr size
	.byte	92                      @ DW_OP_reg12
	.long	0
	.long	0
.Ldebug_loc27:
	.long	.Ltmp91
	.long	.Ltmp102
	.short	2                       @ Loc expr size
	.byte	16                      @ DW_OP_constu
	.byte	0                       @ 0
	.long	.Ltmp102
	.long	.Ltmp105
	.short	1                       @ Loc expr size
	.byte	92                      @ DW_OP_reg12
	.long	.Ltmp123
	.long	.Ltmp126
	.short	1                       @ Loc expr size
	.byte	94                      @ DW_OP_reg14
	.long	.Ltmp128
	.long	.Ltmp129
	.short	1                       @ Loc expr size
	.byte	94                      @ DW_OP_reg14
	.long	0
	.long	0
.Ldebug_loc28:
	.long	.Lfunc_begin12
	.long	.Ltmp134
	.short	1                       @ Loc expr size
	.byte	80                      @ DW_OP_reg0
	.long	0
	.long	0
	.section	.debug_abbrev,"",%progbits
	.byte	1                       @ Abbreviation Code
	.byte	17                      @ DW_TAG_compile_unit
	.byte	1                       @ DW_CHILDREN_yes
	.byte	37                      @ DW_AT_producer
	.byte	14                      @ DW_FORM_strp
	.byte	19                      @ DW_AT_language
	.byte	5                       @ DW_FORM_data2
	.byte	3                       @ DW_AT_name
	.byte	14                      @ DW_FORM_strp
	.byte	16                      @ DW_AT_stmt_list
	.byte	6                       @ DW_FORM_data4
	.byte	27                      @ DW_AT_comp_dir
	.byte	14                      @ DW_FORM_strp
	.ascii	"\264B"                 @ DW_AT_GNU_pubnames
	.byte	12                      @ DW_FORM_flag
	.byte	17                      @ DW_AT_low_pc
	.byte	1                       @ DW_FORM_addr
	.byte	85                      @ DW_AT_ranges
	.byte	6                       @ DW_FORM_data4
	.byte	0                       @ EOM(1)
	.byte	0                       @ EOM(2)
	.byte	2                       @ Abbreviation Code
	.byte	52                      @ DW_TAG_variable
	.byte	0                       @ DW_CHILDREN_no
	.byte	3                       @ DW_AT_name
	.byte	14                      @ DW_FORM_strp
	.byte	73                      @ DW_AT_type
	.byte	19                      @ DW_FORM_ref4
	.byte	63                      @ DW_AT_external
	.byte	12                      @ DW_FORM_flag
	.byte	58                      @ DW_AT_decl_file
	.byte	11                      @ DW_FORM_data1
	.byte	59                      @ DW_AT_decl_line
	.byte	11                      @ DW_FORM_data1
	.byte	2                       @ DW_AT_location
	.byte	10                      @ DW_FORM_block1
	.byte	0                       @ EOM(1)
	.byte	0                       @ EOM(2)
	.byte	3                       @ Abbreviation Code
	.byte	22                      @ DW_TAG_typedef
	.byte	0                       @ DW_CHILDREN_no
	.byte	73                      @ DW_AT_type
	.byte	19                      @ DW_FORM_ref4
	.byte	3                       @ DW_AT_name
	.byte	14                      @ DW_FORM_strp
	.byte	58                      @ DW_AT_decl_file
	.byte	11                      @ DW_FORM_data1
	.byte	59                      @ DW_AT_decl_line
	.byte	11                      @ DW_FORM_data1
	.byte	0                       @ EOM(1)
	.byte	0                       @ EOM(2)
	.byte	4                       @ Abbreviation Code
	.byte	36                      @ DW_TAG_base_type
	.byte	0                       @ DW_CHILDREN_no
	.byte	3                       @ DW_AT_name
	.byte	14                      @ DW_FORM_strp
	.byte	62                      @ DW_AT_encoding
	.byte	11                      @ DW_FORM_data1
	.byte	11                      @ DW_AT_byte_size
	.byte	11                      @ DW_FORM_data1
	.byte	0                       @ EOM(1)
	.byte	0                       @ EOM(2)
	.byte	5                       @ Abbreviation Code
	.byte	15                      @ DW_TAG_pointer_type
	.byte	0                       @ DW_CHILDREN_no
	.byte	73                      @ DW_AT_type
	.byte	19                      @ DW_FORM_ref4
	.byte	0                       @ EOM(1)
	.byte	0                       @ EOM(2)
	.byte	6                       @ Abbreviation Code
	.byte	46                      @ DW_TAG_subprogram
	.byte	1                       @ DW_CHILDREN_yes
	.byte	17                      @ DW_AT_low_pc
	.byte	1                       @ DW_FORM_addr
	.byte	18                      @ DW_AT_high_pc
	.byte	1                       @ DW_FORM_addr
	.byte	64                      @ DW_AT_frame_base
	.byte	10                      @ DW_FORM_block1
	.byte	3                       @ DW_AT_name
	.byte	14                      @ DW_FORM_strp
	.byte	58                      @ DW_AT_decl_file
	.byte	11                      @ DW_FORM_data1
	.byte	59                      @ DW_AT_decl_line
	.byte	11                      @ DW_FORM_data1
	.byte	39                      @ DW_AT_prototyped
	.byte	12                      @ DW_FORM_flag
	.byte	63                      @ DW_AT_external
	.byte	12                      @ DW_FORM_flag
	.byte	0                       @ EOM(1)
	.byte	0                       @ EOM(2)
	.byte	7                       @ Abbreviation Code
	.byte	5                       @ DW_TAG_formal_parameter
	.byte	0                       @ DW_CHILDREN_no
	.byte	2                       @ DW_AT_location
	.byte	6                       @ DW_FORM_data4
	.byte	3                       @ DW_AT_name
	.byte	14                      @ DW_FORM_strp
	.byte	58                      @ DW_AT_decl_file
	.byte	11                      @ DW_FORM_data1
	.byte	59                      @ DW_AT_decl_line
	.byte	11                      @ DW_FORM_data1
	.byte	73                      @ DW_AT_type
	.byte	19                      @ DW_FORM_ref4
	.byte	0                       @ EOM(1)
	.byte	0                       @ EOM(2)
	.byte	8                       @ Abbreviation Code
	.byte	52                      @ DW_TAG_variable
	.byte	0                       @ DW_CHILDREN_no
	.byte	2                       @ DW_AT_location
	.byte	6                       @ DW_FORM_data4
	.byte	3                       @ DW_AT_name
	.byte	14                      @ DW_FORM_strp
	.byte	58                      @ DW_AT_decl_file
	.byte	11                      @ DW_FORM_data1
	.byte	59                      @ DW_AT_decl_line
	.byte	11                      @ DW_FORM_data1
	.byte	73                      @ DW_AT_type
	.byte	19                      @ DW_FORM_ref4
	.byte	0                       @ EOM(1)
	.byte	0                       @ EOM(2)
	.byte	9                       @ Abbreviation Code
	.byte	46                      @ DW_TAG_subprogram
	.byte	1                       @ DW_CHILDREN_yes
	.byte	17                      @ DW_AT_low_pc
	.byte	1                       @ DW_FORM_addr
	.byte	18                      @ DW_AT_high_pc
	.byte	1                       @ DW_FORM_addr
	.byte	64                      @ DW_AT_frame_base
	.byte	10                      @ DW_FORM_block1
	.byte	3                       @ DW_AT_name
	.byte	14                      @ DW_FORM_strp
	.byte	58                      @ DW_AT_decl_file
	.byte	11                      @ DW_FORM_data1
	.byte	59                      @ DW_AT_decl_line
	.byte	11                      @ DW_FORM_data1
	.byte	39                      @ DW_AT_prototyped
	.byte	12                      @ DW_FORM_flag
	.byte	73                      @ DW_AT_type
	.byte	19                      @ DW_FORM_ref4
	.byte	63                      @ DW_AT_external
	.byte	12                      @ DW_FORM_flag
	.byte	0                       @ EOM(1)
	.byte	0                       @ EOM(2)
	.byte	10                      @ Abbreviation Code
	.byte	46                      @ DW_TAG_subprogram
	.byte	1                       @ DW_CHILDREN_yes
	.byte	3                       @ DW_AT_name
	.byte	14                      @ DW_FORM_strp
	.byte	58                      @ DW_AT_decl_file
	.byte	11                      @ DW_FORM_data1
	.byte	59                      @ DW_AT_decl_line
	.byte	11                      @ DW_FORM_data1
	.byte	39                      @ DW_AT_prototyped
	.byte	12                      @ DW_FORM_flag
	.byte	63                      @ DW_AT_external
	.byte	12                      @ DW_FORM_flag
	.byte	32                      @ DW_AT_inline
	.byte	11                      @ DW_FORM_data1
	.byte	0                       @ EOM(1)
	.byte	0                       @ EOM(2)
	.byte	11                      @ Abbreviation Code
	.byte	5                       @ DW_TAG_formal_parameter
	.byte	0                       @ DW_CHILDREN_no
	.byte	3                       @ DW_AT_name
	.byte	14                      @ DW_FORM_strp
	.byte	58                      @ DW_AT_decl_file
	.byte	11                      @ DW_FORM_data1
	.byte	59                      @ DW_AT_decl_line
	.byte	11                      @ DW_FORM_data1
	.byte	73                      @ DW_AT_type
	.byte	19                      @ DW_FORM_ref4
	.byte	0                       @ EOM(1)
	.byte	0                       @ EOM(2)
	.byte	12                      @ Abbreviation Code
	.byte	5                       @ DW_TAG_formal_parameter
	.byte	0                       @ DW_CHILDREN_no
	.byte	2                       @ DW_AT_location
	.byte	10                      @ DW_FORM_block1
	.byte	3                       @ DW_AT_name
	.byte	14                      @ DW_FORM_strp
	.byte	58                      @ DW_AT_decl_file
	.byte	11                      @ DW_FORM_data1
	.byte	59                      @ DW_AT_decl_line
	.byte	11                      @ DW_FORM_data1
	.byte	73                      @ DW_AT_type
	.byte	19                      @ DW_FORM_ref4
	.byte	0                       @ EOM(1)
	.byte	0                       @ EOM(2)
	.byte	13                      @ Abbreviation Code
	.byte	52                      @ DW_TAG_variable
	.byte	0                       @ DW_CHILDREN_no
	.byte	2                       @ DW_AT_location
	.byte	10                      @ DW_FORM_block1
	.byte	3                       @ DW_AT_name
	.byte	14                      @ DW_FORM_strp
	.byte	58                      @ DW_AT_decl_file
	.byte	11                      @ DW_FORM_data1
	.byte	59                      @ DW_AT_decl_line
	.byte	11                      @ DW_FORM_data1
	.byte	73                      @ DW_AT_type
	.byte	19                      @ DW_FORM_ref4
	.byte	0                       @ EOM(1)
	.byte	0                       @ EOM(2)
	.byte	14                      @ Abbreviation Code
	.byte	29                      @ DW_TAG_inlined_subroutine
	.byte	1                       @ DW_CHILDREN_yes
	.byte	49                      @ DW_AT_abstract_origin
	.byte	19                      @ DW_FORM_ref4
	.byte	17                      @ DW_AT_low_pc
	.byte	1                       @ DW_FORM_addr
	.byte	18                      @ DW_AT_high_pc
	.byte	1                       @ DW_FORM_addr
	.byte	88                      @ DW_AT_call_file
	.byte	11                      @ DW_FORM_data1
	.byte	89                      @ DW_AT_call_line
	.byte	11                      @ DW_FORM_data1
	.byte	0                       @ EOM(1)
	.byte	0                       @ EOM(2)
	.byte	15                      @ Abbreviation Code
	.byte	5                       @ DW_TAG_formal_parameter
	.byte	0                       @ DW_CHILDREN_no
	.byte	28                      @ DW_AT_const_value
	.byte	15                      @ DW_FORM_udata
	.byte	49                      @ DW_AT_abstract_origin
	.byte	19                      @ DW_FORM_ref4
	.byte	0                       @ EOM(1)
	.byte	0                       @ EOM(2)
	.byte	16                      @ Abbreviation Code
	.byte	46                      @ DW_TAG_subprogram
	.byte	1                       @ DW_CHILDREN_yes
	.byte	17                      @ DW_AT_low_pc
	.byte	1                       @ DW_FORM_addr
	.byte	18                      @ DW_AT_high_pc
	.byte	1                       @ DW_FORM_addr
	.byte	64                      @ DW_AT_frame_base
	.byte	10                      @ DW_FORM_block1
	.byte	49                      @ DW_AT_abstract_origin
	.byte	19                      @ DW_FORM_ref4
	.byte	0                       @ EOM(1)
	.byte	0                       @ EOM(2)
	.byte	17                      @ Abbreviation Code
	.byte	5                       @ DW_TAG_formal_parameter
	.byte	0                       @ DW_CHILDREN_no
	.byte	2                       @ DW_AT_location
	.byte	10                      @ DW_FORM_block1
	.byte	49                      @ DW_AT_abstract_origin
	.byte	19                      @ DW_FORM_ref4
	.byte	0                       @ EOM(1)
	.byte	0                       @ EOM(2)
	.byte	18                      @ Abbreviation Code
	.byte	52                      @ DW_TAG_variable
	.byte	0                       @ DW_CHILDREN_no
	.byte	28                      @ DW_AT_const_value
	.byte	15                      @ DW_FORM_udata
	.byte	3                       @ DW_AT_name
	.byte	14                      @ DW_FORM_strp
	.byte	58                      @ DW_AT_decl_file
	.byte	11                      @ DW_FORM_data1
	.byte	59                      @ DW_AT_decl_line
	.byte	11                      @ DW_FORM_data1
	.byte	73                      @ DW_AT_type
	.byte	19                      @ DW_FORM_ref4
	.byte	0                       @ EOM(1)
	.byte	0                       @ EOM(2)
	.byte	19                      @ Abbreviation Code
	.byte	53                      @ DW_TAG_volatile_type
	.byte	0                       @ DW_CHILDREN_no
	.byte	73                      @ DW_AT_type
	.byte	19                      @ DW_FORM_ref4
	.byte	0                       @ EOM(1)
	.byte	0                       @ EOM(2)
	.byte	20                      @ Abbreviation Code
	.byte	1                       @ DW_TAG_array_type
	.byte	1                       @ DW_CHILDREN_yes
	.byte	73                      @ DW_AT_type
	.byte	19                      @ DW_FORM_ref4
	.byte	0                       @ EOM(1)
	.byte	0                       @ EOM(2)
	.byte	21                      @ Abbreviation Code
	.byte	33                      @ DW_TAG_subrange_type
	.byte	0                       @ DW_CHILDREN_no
	.byte	73                      @ DW_AT_type
	.byte	19                      @ DW_FORM_ref4
	.byte	55                      @ DW_AT_count
	.byte	11                      @ DW_FORM_data1
	.byte	0                       @ EOM(1)
	.byte	0                       @ EOM(2)
	.byte	22                      @ Abbreviation Code
	.byte	36                      @ DW_TAG_base_type
	.byte	0                       @ DW_CHILDREN_no
	.byte	3                       @ DW_AT_name
	.byte	14                      @ DW_FORM_strp
	.byte	11                      @ DW_AT_byte_size
	.byte	11                      @ DW_FORM_data1
	.byte	62                      @ DW_AT_encoding
	.byte	11                      @ DW_FORM_data1
	.byte	0                       @ EOM(1)
	.byte	0                       @ EOM(2)
	.byte	0                       @ EOM(3)
	.section	.debug_info,"",%progbits
.Lcu_begin0:
	.long	1105                    @ Length of Unit
	.short	3                       @ DWARF version number
	.long	.debug_abbrev           @ Offset Into Abbrev. Section
	.byte	4                       @ Address Size (in bytes)
	.byte	1                       @ Abbrev [1] 0xb:0x44a DW_TAG_compile_unit
	.long	.Linfo_string0          @ DW_AT_producer
	.short	12                      @ DW_AT_language
	.long	.Linfo_string1          @ DW_AT_name
	.long	.Lline_table_start0     @ DW_AT_stmt_list
	.long	.Linfo_string2          @ DW_AT_comp_dir
	.byte	1                       @ DW_AT_GNU_pubnames
	.long	0                       @ DW_AT_low_pc
	.long	.Ldebug_ranges0         @ DW_AT_ranges
	.byte	2                       @ Abbrev [2] 0x27:0x14 DW_TAG_variable
	.long	.Linfo_string3          @ DW_AT_name
	.long	59                      @ DW_AT_type
	.byte	1                       @ DW_AT_external
	.byte	2                       @ DW_AT_decl_file
	.byte	23                      @ DW_AT_decl_line
	.byte	7                       @ DW_AT_location
	.byte	3
	.long	.L_MergedGlobals
	.byte	35
	.byte	2
	.byte	3                       @ Abbrev [3] 0x3b:0xb DW_TAG_typedef
	.long	70                      @ DW_AT_type
	.long	.Linfo_string5          @ DW_AT_name
	.byte	1                       @ DW_AT_decl_file
	.byte	63                      @ DW_AT_decl_line
	.byte	4                       @ Abbrev [4] 0x46:0x7 DW_TAG_base_type
	.long	.Linfo_string4          @ DW_AT_name
	.byte	7                       @ DW_AT_encoding
	.byte	2                       @ DW_AT_byte_size
	.byte	2                       @ Abbrev [2] 0x4d:0x12 DW_TAG_variable
	.long	.Linfo_string6          @ DW_AT_name
	.long	95                      @ DW_AT_type
	.byte	1                       @ DW_AT_external
	.byte	2                       @ DW_AT_decl_file
	.byte	24                      @ DW_AT_decl_line
	.byte	5                       @ DW_AT_location
	.byte	3
	.long	.L_MergedGlobals
	.byte	3                       @ Abbrev [3] 0x5f:0xb DW_TAG_typedef
	.long	106                     @ DW_AT_type
	.long	.Linfo_string8          @ DW_AT_name
	.byte	1                       @ DW_AT_decl_file
	.byte	62                      @ DW_AT_decl_line
	.byte	4                       @ Abbrev [4] 0x6a:0x7 DW_TAG_base_type
	.long	.Linfo_string7          @ DW_AT_name
	.byte	8                       @ DW_AT_encoding
	.byte	1                       @ DW_AT_byte_size
	.byte	5                       @ Abbrev [5] 0x71:0x5 DW_TAG_pointer_type
	.long	118                     @ DW_AT_type
	.byte	4                       @ Abbrev [4] 0x76:0x7 DW_TAG_base_type
	.long	.Linfo_string9          @ DW_AT_name
	.byte	7                       @ DW_AT_encoding
	.byte	8                       @ DW_AT_byte_size
	.byte	6                       @ Abbrev [6] 0x7d:0x32 DW_TAG_subprogram
	.long	.Lfunc_begin0           @ DW_AT_low_pc
	.long	.Lfunc_end0             @ DW_AT_high_pc
	.byte	1                       @ DW_AT_frame_base
	.byte	93
	.long	.Linfo_string15         @ DW_AT_name
	.byte	2                       @ DW_AT_decl_file
	.byte	28                      @ DW_AT_decl_line
	.byte	1                       @ DW_AT_prototyped
	.byte	1                       @ DW_AT_external
	.byte	7                       @ Abbrev [7] 0x90:0xf DW_TAG_formal_parameter
	.long	.Ldebug_loc0            @ DW_AT_location
	.long	.Linfo_string28         @ DW_AT_name
	.byte	2                       @ DW_AT_decl_file
	.byte	28                      @ DW_AT_decl_line
	.long	1062                    @ DW_AT_type
	.byte	8                       @ Abbrev [8] 0x9f:0xf DW_TAG_variable
	.long	.Ldebug_loc1            @ DW_AT_location
	.long	.Linfo_string29         @ DW_AT_name
	.byte	2                       @ DW_AT_decl_file
	.byte	30                      @ DW_AT_decl_line
	.long	1062                    @ DW_AT_type
	.byte	0                       @ End Of Children Mark
	.byte	9                       @ Abbrev [9] 0xaf:0x27 DW_TAG_subprogram
	.long	.Lfunc_begin1           @ DW_AT_low_pc
	.long	.Lfunc_end1             @ DW_AT_high_pc
	.byte	1                       @ DW_AT_frame_base
	.byte	93
	.long	.Linfo_string16         @ DW_AT_name
	.byte	2                       @ DW_AT_decl_file
	.byte	38                      @ DW_AT_decl_line
	.byte	1                       @ DW_AT_prototyped
	.long	1055                    @ DW_AT_type
	.byte	1                       @ DW_AT_external
	.byte	7                       @ Abbrev [7] 0xc6:0xf DW_TAG_formal_parameter
	.long	.Ldebug_loc2            @ DW_AT_location
	.long	.Linfo_string30         @ DW_AT_name
	.byte	2                       @ DW_AT_decl_file
	.byte	38                      @ DW_AT_decl_line
	.long	1067                    @ DW_AT_type
	.byte	0                       @ End Of Children Mark
	.byte	9                       @ Abbrev [9] 0xd6:0x27 DW_TAG_subprogram
	.long	.Lfunc_begin2           @ DW_AT_low_pc
	.long	.Lfunc_end2             @ DW_AT_high_pc
	.byte	1                       @ DW_AT_frame_base
	.byte	93
	.long	.Linfo_string18         @ DW_AT_name
	.byte	2                       @ DW_AT_decl_file
	.byte	45                      @ DW_AT_decl_line
	.byte	1                       @ DW_AT_prototyped
	.long	95                      @ DW_AT_type
	.byte	1                       @ DW_AT_external
	.byte	7                       @ Abbrev [7] 0xed:0xf DW_TAG_formal_parameter
	.long	.Ldebug_loc3            @ DW_AT_location
	.long	.Linfo_string32         @ DW_AT_name
	.byte	2                       @ DW_AT_decl_file
	.byte	45                      @ DW_AT_decl_line
	.long	95                      @ DW_AT_type
	.byte	0                       @ End Of Children Mark
	.byte	9                       @ Abbrev [9] 0xfd:0x27 DW_TAG_subprogram
	.long	.Lfunc_begin3           @ DW_AT_low_pc
	.long	.Lfunc_end3             @ DW_AT_high_pc
	.byte	1                       @ DW_AT_frame_base
	.byte	93
	.long	.Linfo_string19         @ DW_AT_name
	.byte	2                       @ DW_AT_decl_file
	.byte	51                      @ DW_AT_decl_line
	.byte	1                       @ DW_AT_prototyped
	.long	95                      @ DW_AT_type
	.byte	1                       @ DW_AT_external
	.byte	7                       @ Abbrev [7] 0x114:0xf DW_TAG_formal_parameter
	.long	.Ldebug_loc4            @ DW_AT_location
	.long	.Linfo_string33         @ DW_AT_name
	.byte	2                       @ DW_AT_decl_file
	.byte	51                      @ DW_AT_decl_line
	.long	95                      @ DW_AT_type
	.byte	0                       @ End Of Children Mark
	.byte	9                       @ Abbrev [9] 0x124:0x36 DW_TAG_subprogram
	.long	.Lfunc_begin4           @ DW_AT_low_pc
	.long	.Lfunc_end4             @ DW_AT_high_pc
	.byte	1                       @ DW_AT_frame_base
	.byte	93
	.long	.Linfo_string20         @ DW_AT_name
	.byte	2                       @ DW_AT_decl_file
	.byte	67                      @ DW_AT_decl_line
	.byte	1                       @ DW_AT_prototyped
	.long	95                      @ DW_AT_type
	.byte	1                       @ DW_AT_external
	.byte	7                       @ Abbrev [7] 0x13b:0xf DW_TAG_formal_parameter
	.long	.Ldebug_loc5            @ DW_AT_location
	.long	.Linfo_string34         @ DW_AT_name
	.byte	2                       @ DW_AT_decl_file
	.byte	67                      @ DW_AT_decl_line
	.long	489                     @ DW_AT_type
	.byte	7                       @ Abbrev [7] 0x14a:0xf DW_TAG_formal_parameter
	.long	.Ldebug_loc6            @ DW_AT_location
	.long	.Linfo_string12         @ DW_AT_name
	.byte	2                       @ DW_AT_decl_file
	.byte	67                      @ DW_AT_decl_line
	.long	95                      @ DW_AT_type
	.byte	0                       @ End Of Children Mark
	.byte	6                       @ Abbrev [6] 0x15a:0x6e DW_TAG_subprogram
	.long	.Lfunc_begin5           @ DW_AT_low_pc
	.long	.Lfunc_end5             @ DW_AT_high_pc
	.byte	1                       @ DW_AT_frame_base
	.byte	93
	.long	.Linfo_string21         @ DW_AT_name
	.byte	2                       @ DW_AT_decl_file
	.byte	81                      @ DW_AT_decl_line
	.byte	1                       @ DW_AT_prototyped
	.byte	1                       @ DW_AT_external
	.byte	7                       @ Abbrev [7] 0x16d:0xf DW_TAG_formal_parameter
	.long	.Ldebug_loc7            @ DW_AT_location
	.long	.Linfo_string35         @ DW_AT_name
	.byte	2                       @ DW_AT_decl_file
	.byte	81                      @ DW_AT_decl_line
	.long	489                     @ DW_AT_type
	.byte	7                       @ Abbrev [7] 0x17c:0xf DW_TAG_formal_parameter
	.long	.Ldebug_loc8            @ DW_AT_location
	.long	.Linfo_string36         @ DW_AT_name
	.byte	2                       @ DW_AT_decl_file
	.byte	81                      @ DW_AT_decl_line
	.long	494                     @ DW_AT_type
	.byte	8                       @ Abbrev [8] 0x18b:0xf DW_TAG_variable
	.long	.Ldebug_loc9            @ DW_AT_location
	.long	.Linfo_string37         @ DW_AT_name
	.byte	2                       @ DW_AT_decl_file
	.byte	83                      @ DW_AT_decl_line
	.long	494                     @ DW_AT_type
	.byte	8                       @ Abbrev [8] 0x19a:0xf DW_TAG_variable
	.long	.Ldebug_loc10           @ DW_AT_location
	.long	.Linfo_string38         @ DW_AT_name
	.byte	2                       @ DW_AT_decl_file
	.byte	83                      @ DW_AT_decl_line
	.long	494                     @ DW_AT_type
	.byte	8                       @ Abbrev [8] 0x1a9:0xf DW_TAG_variable
	.long	.Ldebug_loc11           @ DW_AT_location
	.long	.Linfo_string39         @ DW_AT_name
	.byte	2                       @ DW_AT_decl_file
	.byte	83                      @ DW_AT_decl_line
	.long	494                     @ DW_AT_type
	.byte	8                       @ Abbrev [8] 0x1b8:0xf DW_TAG_variable
	.long	.Ldebug_loc12           @ DW_AT_location
	.long	.Linfo_string40         @ DW_AT_name
	.byte	2                       @ DW_AT_decl_file
	.byte	83                      @ DW_AT_decl_line
	.long	494                     @ DW_AT_type
	.byte	0                       @ End Of Children Mark
	.byte	10                      @ Abbrev [10] 0x1c8:0x21 DW_TAG_subprogram
	.long	.Linfo_string10         @ DW_AT_name
	.byte	2                       @ DW_AT_decl_file
	.byte	162                     @ DW_AT_decl_line
	.byte	1                       @ DW_AT_prototyped
	.byte	1                       @ DW_AT_external
	.byte	1                       @ DW_AT_inline
	.byte	11                      @ Abbrev [11] 0x1d2:0xb DW_TAG_formal_parameter
	.long	.Linfo_string11         @ DW_AT_name
	.byte	2                       @ DW_AT_decl_file
	.byte	162                     @ DW_AT_decl_line
	.long	489                     @ DW_AT_type
	.byte	11                      @ Abbrev [11] 0x1dd:0xb DW_TAG_formal_parameter
	.long	.Linfo_string12         @ DW_AT_name
	.byte	2                       @ DW_AT_decl_file
	.byte	162                     @ DW_AT_decl_line
	.long	494                     @ DW_AT_type
	.byte	0                       @ End Of Children Mark
	.byte	5                       @ Abbrev [5] 0x1e9:0x5 DW_TAG_pointer_type
	.long	95                      @ DW_AT_type
	.byte	3                       @ Abbrev [3] 0x1ee:0xb DW_TAG_typedef
	.long	505                     @ DW_AT_type
	.long	.Linfo_string14         @ DW_AT_name
	.byte	1                       @ DW_AT_decl_file
	.byte	64                      @ DW_AT_decl_line
	.byte	4                       @ Abbrev [4] 0x1f9:0x7 DW_TAG_base_type
	.long	.Linfo_string13         @ DW_AT_name
	.byte	7                       @ DW_AT_encoding
	.byte	4                       @ DW_AT_byte_size
	.byte	6                       @ Abbrev [6] 0x200:0x90 DW_TAG_subprogram
	.long	.Lfunc_begin6           @ DW_AT_low_pc
	.long	.Lfunc_end6             @ DW_AT_high_pc
	.byte	1                       @ DW_AT_frame_base
	.byte	93
	.long	.Linfo_string22         @ DW_AT_name
	.byte	2                       @ DW_AT_decl_file
	.byte	104                     @ DW_AT_decl_line
	.byte	1                       @ DW_AT_prototyped
	.byte	1                       @ DW_AT_external
	.byte	12                      @ Abbrev [12] 0x213:0xd DW_TAG_formal_parameter
	.byte	1                       @ DW_AT_location
	.byte	80
	.long	.Linfo_string35         @ DW_AT_name
	.byte	2                       @ DW_AT_decl_file
	.byte	104                     @ DW_AT_decl_line
	.long	489                     @ DW_AT_type
	.byte	7                       @ Abbrev [7] 0x220:0xf DW_TAG_formal_parameter
	.long	.Ldebug_loc13           @ DW_AT_location
	.long	.Linfo_string36         @ DW_AT_name
	.byte	2                       @ DW_AT_decl_file
	.byte	104                     @ DW_AT_decl_line
	.long	494                     @ DW_AT_type
	.byte	7                       @ Abbrev [7] 0x22f:0xf DW_TAG_formal_parameter
	.long	.Ldebug_loc14           @ DW_AT_location
	.long	.Linfo_string12         @ DW_AT_name
	.byte	2                       @ DW_AT_decl_file
	.byte	104                     @ DW_AT_decl_line
	.long	95                      @ DW_AT_type
	.byte	13                      @ Abbrev [13] 0x23e:0xe DW_TAG_variable
	.byte	2                       @ DW_AT_location
	.byte	145
	.byte	0
	.long	.Linfo_string41         @ DW_AT_name
	.byte	2                       @ DW_AT_decl_file
	.byte	106                     @ DW_AT_decl_line
	.long	1079                    @ DW_AT_type
	.byte	8                       @ Abbrev [8] 0x24c:0xf DW_TAG_variable
	.long	.Ldebug_loc15           @ DW_AT_location
	.long	.Linfo_string40         @ DW_AT_name
	.byte	2                       @ DW_AT_decl_file
	.byte	107                     @ DW_AT_decl_line
	.long	494                     @ DW_AT_type
	.byte	8                       @ Abbrev [8] 0x25b:0xf DW_TAG_variable
	.long	.Ldebug_loc16           @ DW_AT_location
	.long	.Linfo_string39         @ DW_AT_name
	.byte	2                       @ DW_AT_decl_file
	.byte	107                     @ DW_AT_decl_line
	.long	494                     @ DW_AT_type
	.byte	8                       @ Abbrev [8] 0x26a:0xf DW_TAG_variable
	.long	.Ldebug_loc17           @ DW_AT_location
	.long	.Linfo_string37         @ DW_AT_name
	.byte	2                       @ DW_AT_decl_file
	.byte	107                     @ DW_AT_decl_line
	.long	494                     @ DW_AT_type
	.byte	14                      @ Abbrev [14] 0x279:0x16 DW_TAG_inlined_subroutine
	.long	456                     @ DW_AT_abstract_origin
	.long	.Ltmp38                 @ DW_AT_low_pc
	.long	.Ltmp41                 @ DW_AT_high_pc
	.byte	2                       @ DW_AT_call_file
	.byte	109                     @ DW_AT_call_line
	.byte	15                      @ Abbrev [15] 0x288:0x6 DW_TAG_formal_parameter
	.byte	16                      @ DW_AT_const_value
	.long	477                     @ DW_AT_abstract_origin
	.byte	0                       @ End Of Children Mark
	.byte	0                       @ End Of Children Mark
	.byte	16                      @ Abbrev [16] 0x290:0x1e DW_TAG_subprogram
	.long	.Lfunc_begin7           @ DW_AT_low_pc
	.long	.Lfunc_end7             @ DW_AT_high_pc
	.byte	1                       @ DW_AT_frame_base
	.byte	93
	.long	456                     @ DW_AT_abstract_origin
	.byte	17                      @ Abbrev [17] 0x29f:0x7 DW_TAG_formal_parameter
	.byte	1                       @ DW_AT_location
	.byte	80
	.long	466                     @ DW_AT_abstract_origin
	.byte	17                      @ Abbrev [17] 0x2a6:0x7 DW_TAG_formal_parameter
	.byte	1                       @ DW_AT_location
	.byte	81
	.long	477                     @ DW_AT_abstract_origin
	.byte	0                       @ End Of Children Mark
	.byte	6                       @ Abbrev [6] 0x2ae:0x59 DW_TAG_subprogram
	.long	.Lfunc_begin8           @ DW_AT_low_pc
	.long	.Lfunc_end8             @ DW_AT_high_pc
	.byte	1                       @ DW_AT_frame_base
	.byte	93
	.long	.Linfo_string23         @ DW_AT_name
	.byte	2                       @ DW_AT_decl_file
	.byte	129                     @ DW_AT_decl_line
	.byte	1                       @ DW_AT_prototyped
	.byte	1                       @ DW_AT_external
	.byte	7                       @ Abbrev [7] 0x2c1:0xf DW_TAG_formal_parameter
	.long	.Ldebug_loc18           @ DW_AT_location
	.long	.Linfo_string35         @ DW_AT_name
	.byte	2                       @ DW_AT_decl_file
	.byte	129                     @ DW_AT_decl_line
	.long	489                     @ DW_AT_type
	.byte	7                       @ Abbrev [7] 0x2d0:0xf DW_TAG_formal_parameter
	.long	.Ldebug_loc19           @ DW_AT_location
	.long	.Linfo_string43         @ DW_AT_name
	.byte	2                       @ DW_AT_decl_file
	.byte	129                     @ DW_AT_decl_line
	.long	59                      @ DW_AT_type
	.byte	7                       @ Abbrev [7] 0x2df:0xf DW_TAG_formal_parameter
	.long	.Ldebug_loc20           @ DW_AT_location
	.long	.Linfo_string44         @ DW_AT_name
	.byte	2                       @ DW_AT_decl_file
	.byte	129                     @ DW_AT_decl_line
	.long	489                     @ DW_AT_type
	.byte	18                      @ Abbrev [18] 0x2ee:0xc DW_TAG_variable
	.byte	0                       @ DW_AT_const_value
	.long	.Linfo_string45         @ DW_AT_name
	.byte	2                       @ DW_AT_decl_file
	.byte	131                     @ DW_AT_decl_line
	.long	494                     @ DW_AT_type
	.byte	18                      @ Abbrev [18] 0x2fa:0xc DW_TAG_variable
	.byte	0                       @ DW_AT_const_value
	.long	.Linfo_string46         @ DW_AT_name
	.byte	2                       @ DW_AT_decl_file
	.byte	131                     @ DW_AT_decl_line
	.long	494                     @ DW_AT_type
	.byte	0                       @ End Of Children Mark
	.byte	6                       @ Abbrev [6] 0x307:0x59 DW_TAG_subprogram
	.long	.Lfunc_begin9           @ DW_AT_low_pc
	.long	.Lfunc_end9             @ DW_AT_high_pc
	.byte	1                       @ DW_AT_frame_base
	.byte	93
	.long	.Linfo_string24         @ DW_AT_name
	.byte	2                       @ DW_AT_decl_file
	.byte	146                     @ DW_AT_decl_line
	.byte	1                       @ DW_AT_prototyped
	.byte	1                       @ DW_AT_external
	.byte	7                       @ Abbrev [7] 0x31a:0xf DW_TAG_formal_parameter
	.long	.Ldebug_loc21           @ DW_AT_location
	.long	.Linfo_string44         @ DW_AT_name
	.byte	2                       @ DW_AT_decl_file
	.byte	146                     @ DW_AT_decl_line
	.long	489                     @ DW_AT_type
	.byte	7                       @ Abbrev [7] 0x329:0xf DW_TAG_formal_parameter
	.long	.Ldebug_loc22           @ DW_AT_location
	.long	.Linfo_string43         @ DW_AT_name
	.byte	2                       @ DW_AT_decl_file
	.byte	146                     @ DW_AT_decl_line
	.long	59                      @ DW_AT_type
	.byte	7                       @ Abbrev [7] 0x338:0xf DW_TAG_formal_parameter
	.long	.Ldebug_loc23           @ DW_AT_location
	.long	.Linfo_string35         @ DW_AT_name
	.byte	2                       @ DW_AT_decl_file
	.byte	146                     @ DW_AT_decl_line
	.long	489                     @ DW_AT_type
	.byte	18                      @ Abbrev [18] 0x347:0xc DW_TAG_variable
	.byte	0                       @ DW_AT_const_value
	.long	.Linfo_string45         @ DW_AT_name
	.byte	2                       @ DW_AT_decl_file
	.byte	148                     @ DW_AT_decl_line
	.long	494                     @ DW_AT_type
	.byte	18                      @ Abbrev [18] 0x353:0xc DW_TAG_variable
	.byte	0                       @ DW_AT_const_value
	.long	.Linfo_string46         @ DW_AT_name
	.byte	2                       @ DW_AT_decl_file
	.byte	148                     @ DW_AT_decl_line
	.long	494                     @ DW_AT_type
	.byte	0                       @ End Of Children Mark
	.byte	6                       @ Abbrev [6] 0x360:0x2e DW_TAG_subprogram
	.long	.Lfunc_begin10          @ DW_AT_low_pc
	.long	.Lfunc_end10            @ DW_AT_high_pc
	.byte	1                       @ DW_AT_frame_base
	.byte	93
	.long	.Linfo_string25         @ DW_AT_name
	.byte	2                       @ DW_AT_decl_file
	.byte	169                     @ DW_AT_decl_line
	.byte	1                       @ DW_AT_prototyped
	.byte	1                       @ DW_AT_external
	.byte	12                      @ Abbrev [12] 0x373:0xd DW_TAG_formal_parameter
	.byte	1                       @ DW_AT_location
	.byte	80
	.long	.Linfo_string11         @ DW_AT_name
	.byte	2                       @ DW_AT_decl_file
	.byte	169                     @ DW_AT_decl_line
	.long	1098                    @ DW_AT_type
	.byte	12                      @ Abbrev [12] 0x380:0xd DW_TAG_formal_parameter
	.byte	1                       @ DW_AT_location
	.byte	81
	.long	.Linfo_string12         @ DW_AT_name
	.byte	2                       @ DW_AT_decl_file
	.byte	169                     @ DW_AT_decl_line
	.long	494                     @ DW_AT_type
	.byte	0                       @ End Of Children Mark
	.byte	9                       @ Abbrev [9] 0x38e:0x61 DW_TAG_subprogram
	.long	.Lfunc_begin11          @ DW_AT_low_pc
	.long	.Lfunc_end11            @ DW_AT_high_pc
	.byte	1                       @ DW_AT_frame_base
	.byte	93
	.long	.Linfo_string26         @ DW_AT_name
	.byte	2                       @ DW_AT_decl_file
	.byte	176                     @ DW_AT_decl_line
	.byte	1                       @ DW_AT_prototyped
	.long	494                     @ DW_AT_type
	.byte	1                       @ DW_AT_external
	.byte	7                       @ Abbrev [7] 0x3a5:0xf DW_TAG_formal_parameter
	.long	.Ldebug_loc24           @ DW_AT_location
	.long	.Linfo_string47         @ DW_AT_name
	.byte	2                       @ DW_AT_decl_file
	.byte	176                     @ DW_AT_decl_line
	.long	489                     @ DW_AT_type
	.byte	12                      @ Abbrev [12] 0x3b4:0xd DW_TAG_formal_parameter
	.byte	1                       @ DW_AT_location
	.byte	81
	.long	.Linfo_string48         @ DW_AT_name
	.byte	2                       @ DW_AT_decl_file
	.byte	176                     @ DW_AT_decl_line
	.long	1103                    @ DW_AT_type
	.byte	8                       @ Abbrev [8] 0x3c1:0xf DW_TAG_variable
	.long	.Ldebug_loc25           @ DW_AT_location
	.long	.Linfo_string37         @ DW_AT_name
	.byte	2                       @ DW_AT_decl_file
	.byte	178                     @ DW_AT_decl_line
	.long	494                     @ DW_AT_type
	.byte	8                       @ Abbrev [8] 0x3d0:0xf DW_TAG_variable
	.long	.Ldebug_loc26           @ DW_AT_location
	.long	.Linfo_string49         @ DW_AT_name
	.byte	2                       @ DW_AT_decl_file
	.byte	178                     @ DW_AT_decl_line
	.long	494                     @ DW_AT_type
	.byte	8                       @ Abbrev [8] 0x3df:0xf DW_TAG_variable
	.long	.Ldebug_loc27           @ DW_AT_location
	.long	.Linfo_string50         @ DW_AT_name
	.byte	2                       @ DW_AT_decl_file
	.byte	179                     @ DW_AT_decl_line
	.long	494                     @ DW_AT_type
	.byte	0                       @ End Of Children Mark
	.byte	6                       @ Abbrev [6] 0x3ef:0x30 DW_TAG_subprogram
	.long	.Lfunc_begin12          @ DW_AT_low_pc
	.long	.Lfunc_end12            @ DW_AT_high_pc
	.byte	1                       @ DW_AT_frame_base
	.byte	93
	.long	.Linfo_string27         @ DW_AT_name
	.byte	2                       @ DW_AT_decl_file
	.byte	246                     @ DW_AT_decl_line
	.byte	1                       @ DW_AT_prototyped
	.byte	1                       @ DW_AT_external
	.byte	7                       @ Abbrev [7] 0x402:0xf DW_TAG_formal_parameter
	.long	.Ldebug_loc28           @ DW_AT_location
	.long	.Linfo_string51         @ DW_AT_name
	.byte	2                       @ DW_AT_decl_file
	.byte	246                     @ DW_AT_decl_line
	.long	106                     @ DW_AT_type
	.byte	12                      @ Abbrev [12] 0x411:0xd DW_TAG_formal_parameter
	.byte	1                       @ DW_AT_location
	.byte	81
	.long	.Linfo_string52         @ DW_AT_name
	.byte	2                       @ DW_AT_decl_file
	.byte	246                     @ DW_AT_decl_line
	.long	1067                    @ DW_AT_type
	.byte	0                       @ End Of Children Mark
	.byte	4                       @ Abbrev [4] 0x41f:0x7 DW_TAG_base_type
	.long	.Linfo_string17         @ DW_AT_name
	.byte	5                       @ DW_AT_encoding
	.byte	4                       @ DW_AT_byte_size
	.byte	19                      @ Abbrev [19] 0x426:0x5 DW_TAG_volatile_type
	.long	494                     @ DW_AT_type
	.byte	5                       @ Abbrev [5] 0x42b:0x5 DW_TAG_pointer_type
	.long	1072                    @ DW_AT_type
	.byte	4                       @ Abbrev [4] 0x430:0x7 DW_TAG_base_type
	.long	.Linfo_string31         @ DW_AT_name
	.byte	8                       @ DW_AT_encoding
	.byte	1                       @ DW_AT_byte_size
	.byte	20                      @ Abbrev [20] 0x437:0xc DW_TAG_array_type
	.long	95                      @ DW_AT_type
	.byte	21                      @ Abbrev [21] 0x43c:0x6 DW_TAG_subrange_type
	.long	1091                    @ DW_AT_type
	.byte	16                      @ DW_AT_count
	.byte	0                       @ End Of Children Mark
	.byte	22                      @ Abbrev [22] 0x443:0x7 DW_TAG_base_type
	.long	.Linfo_string42         @ DW_AT_name
	.byte	8                       @ DW_AT_byte_size
	.byte	7                       @ DW_AT_encoding
	.byte	5                       @ Abbrev [5] 0x44a:0x5 DW_TAG_pointer_type
	.long	59                      @ DW_AT_type
	.byte	5                       @ Abbrev [5] 0x44f:0x5 DW_TAG_pointer_type
	.long	494                     @ DW_AT_type
	.byte	0                       @ End Of Children Mark
	.section	.debug_ranges,"",%progbits
.Ldebug_ranges0:
	.long	.Lfunc_begin0
	.long	.Lfunc_end0
	.long	.Lfunc_begin1
	.long	.Lfunc_end1
	.long	.Lfunc_begin2
	.long	.Lfunc_end2
	.long	.Lfunc_begin3
	.long	.Lfunc_end3
	.long	.Lfunc_begin4
	.long	.Lfunc_end4
	.long	.Lfunc_begin5
	.long	.Lfunc_end5
	.long	.Lfunc_begin6
	.long	.Lfunc_end6
	.long	.Lfunc_begin7
	.long	.Lfunc_end7
	.long	.Lfunc_begin8
	.long	.Lfunc_end8
	.long	.Lfunc_begin9
	.long	.Lfunc_end9
	.long	.Lfunc_begin10
	.long	.Lfunc_end10
	.long	.Lfunc_begin11
	.long	.Lfunc_end11
	.long	.Lfunc_begin12
	.long	.Lfunc_end12
	.long	0
	.long	0
	.section	.debug_macinfo,"",%progbits
.Lcu_macro_begin0:
	.byte	0                       @ End Of Macro List Mark
	.section	.debug_pubnames,"",%progbits
	.long	.LpubNames_end0-.LpubNames_begin0 @ Length of Public Names Info
.LpubNames_begin0:
	.short	2                       @ DWARF Version
	.long	.Lcu_begin0             @ Offset of Compilation Unit Info
	.long	1109                    @ Compilation Unit Length
	.long	456                     @ DIE offset
	.asciz	"ClearBuffer"           @ External Name
	.long	175                     @ DIE offset
	.asciz	"GetLenght"             @ External Name
	.long	214                     @ DIE offset
	.asciz	"Bcd2Dec"               @ External Name
	.long	253                     @ DIE offset
	.asciz	"Dec2Bcd"               @ External Name
	.long	864                     @ DIE offset
	.asciz	"ClearBuffer16"         @ External Name
	.long	292                     @ DIE offset
	.asciz	"CalcCRC"               @ External Name
	.long	125                     @ DIE offset
	.asciz	"Delay"                 @ External Name
	.long	686                     @ DIE offset
	.asciz	"Str2Hex"               @ External Name
	.long	775                     @ DIE offset
	.asciz	"Hex2Str"               @ External Name
	.long	39                      @ DIE offset
	.asciz	"calc"                  @ External Name
	.long	512                     @ DIE offset
	.asciz	"Int2StrSized"          @ External Name
	.long	346                     @ DIE offset
	.asciz	"Int2Str"               @ External Name
	.long	910                     @ DIE offset
	.asciz	"Str2Int"               @ External Name
	.long	1007                    @ DIE offset
	.asciz	"CharToBin"             @ External Name
	.long	77                      @ DIE offset
	.asciz	"rest"                  @ External Name
	.long	0                       @ End Mark
.LpubNames_end0:
	.section	.debug_pubtypes,"",%progbits
	.long	.LpubTypes_end0-.LpubTypes_begin0 @ Length of Public Types Info
.LpubTypes_begin0:
	.short	2                       @ DWARF Version
	.long	.Lcu_begin0             @ Offset of Compilation Unit Info
	.long	1109                    @ Compilation Unit Length
	.long	1055                    @ DIE offset
	.asciz	"int"                   @ External Name
	.long	118                     @ DIE offset
	.asciz	"long long unsigned int" @ External Name
	.long	494                     @ DIE offset
	.asciz	"uint32_t"              @ External Name
	.long	59                      @ DIE offset
	.asciz	"uint16_t"              @ External Name
	.long	95                      @ DIE offset
	.asciz	"uint8_t"               @ External Name
	.long	106                     @ DIE offset
	.asciz	"unsigned char"         @ External Name
	.long	70                      @ DIE offset
	.asciz	"unsigned short"        @ External Name
	.long	505                     @ DIE offset
	.asciz	"unsigned int"          @ External Name
	.long	1072                    @ DIE offset
	.asciz	"char"                  @ External Name
	.long	0                       @ End Mark
.LpubTypes_end0:

	.globl	rest
rest = .L_MergedGlobals
	.size	rest, 1
	.globl	calc
calc = .L_MergedGlobals+2
	.size	calc, 2
	.ident	"Component: ARM Compiler 6.10.1 Tool: armclang [5d143200]"
	.section	".note.GNU-stack","",%progbits
	.eabi_attribute	30, 4	@ Tag_ABI_optimization_goals
	.ARM_attribute	16, 1	@ Tag_AV_eba
	.section	.debug_line,"",%progbits
.Lline_table_start0:
